{"C:\\Users\\Manas Sharma\\Downloads\\flownest-studio (1)\\backend\\server.js": {"path":"C:\\Users\\Manas Sharma\\Downloads\\flownest-studio (1)\\backend\\server.js","statementMap":{"0":{"start":{"line":1,"column":16},"end":{"line":1,"column":34}},"1":{"start":{"line":2,"column":15},"end":{"line":2,"column":32}},"2":{"start":{"line":3,"column":16},"end":{"line":3,"column":34}},"3":{"start":{"line":4,"column":11},"end":{"line":4,"column":24}},"4":{"start":{"line":7,"column":0},"end":{"line":7,"column":16}},"5":{"start":{"line":9,"column":0},"end":{"line":203,"column":1}},"6":{"start":{"line":10,"column":20},"end":{"line":10,"column":36}},"7":{"start":{"line":11,"column":4},"end":{"line":11,"column":76}},"8":{"start":{"line":12,"column":4},"end":{"line":14,"column":5}},"9":{"start":{"line":12,"column":17},"end":{"line":12,"column":18}},"10":{"start":{"line":13,"column":8},"end":{"line":13,"column":23}},"11":{"start":{"line":15,"column":4},"end":{"line":18,"column":7}},"12":{"start":{"line":16,"column":8},"end":{"line":16,"column":79}},"13":{"start":{"line":17,"column":8},"end":{"line":17,"column":23}},"14":{"start":{"line":23,"column":21},"end":{"line":23,"column":45}},"15":{"start":{"line":24,"column":13},"end":{"line":24,"column":28}},"16":{"start":{"line":25,"column":30},"end":{"line":25,"column":63}},"17":{"start":{"line":26,"column":22},"end":{"line":26,"column":44}},"18":{"start":{"line":27,"column":15},"end":{"line":27,"column":32}},"19":{"start":{"line":28,"column":18},"end":{"line":28,"column":47}},"20":{"start":{"line":29,"column":12},"end":{"line":29,"column":26}},"21":{"start":{"line":30,"column":12},"end":{"line":30,"column":32}},"22":{"start":{"line":31,"column":20},"end":{"line":31,"column":42}},"23":{"start":{"line":32,"column":15},"end":{"line":32,"column":32}},"24":{"start":{"line":33,"column":21},"end":{"line":33,"column":60}},"25":{"start":{"line":36,"column":0},"end":{"line":36,"column":20}},"26":{"start":{"line":39,"column":0},"end":{"line":39,"column":28}},"27":{"start":{"line":40,"column":0},"end":{"line":40,"column":28}},"28":{"start":{"line":41,"column":0},"end":{"line":41,"column":33}},"29":{"start":{"line":42,"column":0},"end":{"line":42,"column":25}},"30":{"start":{"line":43,"column":0},"end":{"line":43,"column":32}},"31":{"start":{"line":44,"column":0},"end":{"line":44,"column":30}},"32":{"start":{"line":45,"column":0},"end":{"line":45,"column":29}},"33":{"start":{"line":48,"column":0},"end":{"line":71,"column":3}},"34":{"start":{"line":50,"column":4},"end":{"line":50,"column":34}},"35":{"start":{"line":51,"column":4},"end":{"line":51,"column":37}},"36":{"start":{"line":54,"column":4},"end":{"line":70,"column":5}},"37":{"start":{"line":55,"column":26},"end":{"line":55,"column":55}},"38":{"start":{"line":56,"column":33},"end":{"line":64,"column":10}},"39":{"start":{"line":65,"column":8},"end":{"line":67,"column":9}},"40":{"start":{"line":66,"column":12},"end":{"line":66,"column":62}},"41":{"start":{"line":69,"column":8},"end":{"line":69,"column":57}},"42":{"start":{"line":74,"column":17},"end":{"line":74,"column":50}},"43":{"start":{"line":75,"column":17},"end":{"line":75,"column":50}},"44":{"start":{"line":76,"column":17},"end":{"line":76,"column":50}},"45":{"start":{"line":77,"column":22},"end":{"line":77,"column":60}},"46":{"start":{"line":78,"column":20},"end":{"line":78,"column":51}},"47":{"start":{"line":79,"column":19},"end":{"line":79,"column":49}},"48":{"start":{"line":81,"column":12},"end":{"line":81,"column":21}},"49":{"start":{"line":84,"column":23},"end":{"line":94,"column":1}},"50":{"start":{"line":96,"column":20},"end":{"line":106,"column":1}},"51":{"start":{"line":98,"column":8},"end":{"line":98,"column":49}},"52":{"start":{"line":98,"column":21},"end":{"line":98,"column":49}},"53":{"start":{"line":99,"column":8},"end":{"line":99,"column":79}},"54":{"start":{"line":99,"column":51},"end":{"line":99,"column":79}},"55":{"start":{"line":100,"column":8},"end":{"line":100,"column":122}},"56":{"start":{"line":100,"column":94},"end":{"line":100,"column":122}},"57":{"start":{"line":101,"column":8},"end":{"line":101,"column":51}},"58":{"start":{"line":108,"column":0},"end":{"line":108,"column":27}},"59":{"start":{"line":111,"column":0},"end":{"line":111,"column":18}},"60":{"start":{"line":112,"column":0},"end":{"line":112,"column":15}},"61":{"start":{"line":113,"column":0},"end":{"line":113,"column":15}},"62":{"start":{"line":116,"column":16},"end":{"line":120,"column":2}},"63":{"start":{"line":123,"column":0},"end":{"line":123,"column":23}},"64":{"start":{"line":124,"column":0},"end":{"line":124,"column":23}},"65":{"start":{"line":127,"column":0},"end":{"line":136,"column":3}},"66":{"start":{"line":128,"column":18},"end":{"line":128,"column":28}},"67":{"start":{"line":129,"column":4},"end":{"line":134,"column":7}},"68":{"start":{"line":130,"column":25},"end":{"line":130,"column":43}},"69":{"start":{"line":131,"column":8},"end":{"line":133,"column":9}},"70":{"start":{"line":132,"column":12},"end":{"line":132,"column":109}},"71":{"start":{"line":135,"column":4},"end":{"line":135,"column":11}},"72":{"start":{"line":139,"column":0},"end":{"line":144,"column":3}},"73":{"start":{"line":140,"column":4},"end":{"line":142,"column":5}},"74":{"start":{"line":141,"column":8},"end":{"line":141,"column":72}},"75":{"start":{"line":143,"column":4},"end":{"line":143,"column":11}},"76":{"start":{"line":147,"column":0},"end":{"line":147,"column":25}},"77":{"start":{"line":150,"column":0},"end":{"line":150,"column":76}},"78":{"start":{"line":153,"column":0},"end":{"line":153,"column":24}},"79":{"start":{"line":156,"column":0},"end":{"line":156,"column":24}},"80":{"start":{"line":159,"column":0},"end":{"line":159,"column":35}},"81":{"start":{"line":160,"column":0},"end":{"line":160,"column":35}},"82":{"start":{"line":161,"column":0},"end":{"line":161,"column":35}},"83":{"start":{"line":162,"column":0},"end":{"line":162,"column":45}},"84":{"start":{"line":163,"column":0},"end":{"line":163,"column":35}},"85":{"start":{"line":164,"column":0},"end":{"line":164,"column":34}},"86":{"start":{"line":167,"column":0},"end":{"line":172,"column":3}},"87":{"start":{"line":168,"column":4},"end":{"line":171,"column":7}},"88":{"start":{"line":175,"column":0},"end":{"line":175,"column":22}},"89":{"start":{"line":177,"column":13},"end":{"line":177,"column":37}},"90":{"start":{"line":180,"column":0},"end":{"line":184,"column":1}},"91":{"start":{"line":181,"column":4},"end":{"line":183,"column":7}},"92":{"start":{"line":182,"column":8},"end":{"line":182,"column":86}},"93":{"start":{"line":187,"column":0},"end":{"line":192,"column":3}},"94":{"start":{"line":188,"column":4},"end":{"line":188,"column":45}},"95":{"start":{"line":189,"column":4},"end":{"line":189,"column":23}},"96":{"start":{"line":191,"column":4},"end":{"line":191,"column":40}},"97":{"start":{"line":191,"column":23},"end":{"line":191,"column":38}},"98":{"start":{"line":195,"column":0},"end":{"line":199,"column":3}},"99":{"start":{"line":196,"column":4},"end":{"line":196,"column":44}},"100":{"start":{"line":197,"column":4},"end":{"line":197,"column":23}},"101":{"start":{"line":198,"column":4},"end":{"line":198,"column":20}},"102":{"start":{"line":202,"column":0},"end":{"line":202,"column":21}}},"fnMap":{"0":{"name":"(anonymous_0)","decl":{"start":{"line":15,"column":23},"end":{"line":15,"column":24}},"loc":{"start":{"line":15,"column":49},"end":{"line":18,"column":5}},"line":15},"1":{"name":"(anonymous_1)","decl":{"start":{"line":48,"column":17},"end":{"line":48,"column":18}},"loc":{"start":{"line":48,"column":29},"end":{"line":71,"column":1}},"line":48},"2":{"name":"(anonymous_2)","decl":{"start":{"line":97,"column":12},"end":{"line":97,"column":13}},"loc":{"start":{"line":97,"column":40},"end":{"line":102,"column":5}},"line":97},"3":{"name":"(anonymous_3)","decl":{"start":{"line":127,"column":8},"end":{"line":127,"column":9}},"loc":{"start":{"line":127,"column":28},"end":{"line":136,"column":1}},"line":127},"4":{"name":"(anonymous_4)","decl":{"start":{"line":129,"column":21},"end":{"line":129,"column":22}},"loc":{"start":{"line":129,"column":27},"end":{"line":134,"column":5}},"line":129},"5":{"name":"(anonymous_5)","decl":{"start":{"line":139,"column":8},"end":{"line":139,"column":9}},"loc":{"start":{"line":139,"column":28},"end":{"line":144,"column":1}},"line":139},"6":{"name":"(anonymous_6)","decl":{"start":{"line":167,"column":23},"end":{"line":167,"column":24}},"loc":{"start":{"line":167,"column":37},"end":{"line":172,"column":1}},"line":167},"7":{"name":"(anonymous_7)","decl":{"start":{"line":181,"column":30},"end":{"line":181,"column":31}},"loc":{"start":{"line":181,"column":36},"end":{"line":183,"column":5}},"line":181},"8":{"name":"(anonymous_8)","decl":{"start":{"line":187,"column":33},"end":{"line":187,"column":34}},"loc":{"start":{"line":187,"column":51},"end":{"line":192,"column":1}},"line":187},"9":{"name":"(anonymous_9)","decl":{"start":{"line":191,"column":17},"end":{"line":191,"column":18}},"loc":{"start":{"line":191,"column":23},"end":{"line":191,"column":38}},"line":191},"10":{"name":"(anonymous_10)","decl":{"start":{"line":195,"column":32},"end":{"line":195,"column":33}},"loc":{"start":{"line":195,"column":41},"end":{"line":199,"column":1}},"line":195}},"branchMap":{"0":{"loc":{"start":{"line":9,"column":0},"end":{"line":203,"column":1}},"type":"if","locations":[{"start":{"line":9,"column":0},"end":{"line":203,"column":1}},{"start":{"line":19,"column":7},"end":{"line":203,"column":1}}],"line":9},"1":{"loc":{"start":{"line":9,"column":4},"end":{"line":9,"column":61}},"type":"binary-expr","locations":[{"start":{"line":9,"column":4},"end":{"line":9,"column":20}},{"start":{"line":9,"column":24},"end":{"line":9,"column":61}}],"line":9},"2":{"loc":{"start":{"line":65,"column":8},"end":{"line":67,"column":9}},"type":"if","locations":[{"start":{"line":65,"column":8},"end":{"line":67,"column":9}},{"start":{},"end":{}}],"line":65},"3":{"loc":{"start":{"line":98,"column":8},"end":{"line":98,"column":49}},"type":"if","locations":[{"start":{"line":98,"column":8},"end":{"line":98,"column":49}},{"start":{},"end":{}}],"line":98},"4":{"loc":{"start":{"line":99,"column":8},"end":{"line":99,"column":79}},"type":"if","locations":[{"start":{"line":99,"column":8},"end":{"line":99,"column":79}},{"start":{},"end":{}}],"line":99},"5":{"loc":{"start":{"line":100,"column":8},"end":{"line":100,"column":122}},"type":"if","locations":[{"start":{"line":100,"column":8},"end":{"line":100,"column":122}},{"start":{},"end":{}}],"line":100},"6":{"loc":{"start":{"line":100,"column":12},"end":{"line":100,"column":92}},"type":"binary-expr","locations":[{"start":{"line":100,"column":12},"end":{"line":100,"column":50}},{"start":{"line":100,"column":54},"end":{"line":100,"column":92}}],"line":100},"7":{"loc":{"start":{"line":131,"column":8},"end":{"line":133,"column":9}},"type":"if","locations":[{"start":{"line":131,"column":8},"end":{"line":133,"column":9}},{"start":{},"end":{}}],"line":131},"8":{"loc":{"start":{"line":140,"column":4},"end":{"line":142,"column":5}},"type":"if","locations":[{"start":{"line":140,"column":4},"end":{"line":142,"column":5}},{"start":{},"end":{}}],"line":140},"9":{"loc":{"start":{"line":140,"column":8},"end":{"line":140,"column":98}},"type":"binary-expr","locations":[{"start":{"line":140,"column":8},"end":{"line":140,"column":28}},{"start":{"line":140,"column":33},"end":{"line":140,"column":97}}],"line":140},"10":{"loc":{"start":{"line":177,"column":13},"end":{"line":177,"column":37}},"type":"binary-expr","locations":[{"start":{"line":177,"column":13},"end":{"line":177,"column":29}},{"start":{"line":177,"column":33},"end":{"line":177,"column":37}}],"line":177},"11":{"loc":{"start":{"line":180,"column":0},"end":{"line":184,"column":1}},"type":"if","locations":[{"start":{"line":180,"column":0},"end":{"line":184,"column":1}},{"start":{},"end":{}}],"line":180}},"s":{"0":1,"1":1,"2":1,"3":1,"4":1,"5":1,"6":0,"7":0,"8":0,"9":0,"10":0,"11":0,"12":0,"13":0,"14":1,"15":1,"16":1,"17":1,"18":1,"19":1,"20":1,"21":1,"22":1,"23":1,"24":1,"25":1,"26":1,"27":1,"28":1,"29":1,"30":1,"31":1,"32":1,"33":1,"34":1,"35":1,"36":1,"37":1,"38":1,"39":1,"40":0,"41":0,"42":1,"43":1,"44":1,"45":1,"46":1,"47":1,"48":1,"49":1,"50":1,"51":4,"52":4,"53":0,"54":0,"55":0,"56":0,"57":0,"58":1,"59":1,"60":1,"61":1,"62":1,"63":1,"64":1,"65":1,"66":4,"67":4,"68":4,"69":4,"70":0,"71":4,"72":1,"73":4,"74":0,"75":4,"76":1,"77":1,"78":1,"79":1,"80":1,"81":1,"82":1,"83":1,"84":1,"85":1,"86":1,"87":1,"88":1,"89":1,"90":1,"91":0,"92":0,"93":1,"94":0,"95":0,"96":0,"97":0,"98":1,"99":0,"100":0,"101":0,"102":1},"f":{"0":0,"1":1,"2":4,"3":4,"4":4,"5":4,"6":1,"7":0,"8":0,"9":0,"10":0},"b":{"0":[0,1],"1":[1,1],"2":[0,1],"3":[4,0],"4":[0,0],"5":[0,0],"6":[0,0],"7":[0,4],"8":[0,4],"9":[4,1],"10":[1,0],"11":[0,1]},"_coverageSchema":"1a1c01bbd47fc00a2c39e90264f33305004495a9","hash":"a24b8f71f93c102031a245a625af6ee13bd46dfd"}
,"C:\\Users\\Manas Sharma\\Downloads\\flownest-studio (1)\\backend\\config\\firebaseAdmin.js": {"path":"C:\\Users\\Manas Sharma\\Downloads\\flownest-studio (1)\\backend\\config\\firebaseAdmin.js","statementMap":{"0":{"start":{"line":5,"column":14},"end":{"line":5,"column":39}},"1":{"start":{"line":6,"column":11},"end":{"line":6,"column":24}},"2":{"start":{"line":7,"column":13},"end":{"line":7,"column":28}},"3":{"start":{"line":10,"column":31},"end":{"line":22,"column":1}},"4":{"start":{"line":24,"column":20},"end":{"line":24,"column":25}},"5":{"start":{"line":26,"column":26},"end":{"line":83,"column":1}},"6":{"start":{"line":27,"column":4},"end":{"line":27,"column":36}},"7":{"start":{"line":27,"column":23},"end":{"line":27,"column":36}},"8":{"start":{"line":29,"column":4},"end":{"line":81,"column":5}},"9":{"start":{"line":30,"column":8},"end":{"line":33,"column":9}},"10":{"start":{"line":31,"column":12},"end":{"line":31,"column":33}},"11":{"start":{"line":32,"column":12},"end":{"line":32,"column":25}},"12":{"start":{"line":35,"column":25},"end":{"line":35,"column":29}},"13":{"start":{"line":38,"column":35},"end":{"line":38,"column":71}},"14":{"start":{"line":39,"column":8},"end":{"line":49,"column":9}},"15":{"start":{"line":40,"column":12},"end":{"line":48,"column":13}},"16":{"start":{"line":41,"column":39},"end":{"line":43,"column":40}},"17":{"start":{"line":44,"column":16},"end":{"line":44,"column":67}},"18":{"start":{"line":45,"column":16},"end":{"line":45,"column":96}},"19":{"start":{"line":47,"column":16},"end":{"line":47,"column":115}},"20":{"start":{"line":52,"column":8},"end":{"line":68,"column":9}},"21":{"start":{"line":53,"column":29},"end":{"line":53,"column":71}},"22":{"start":{"line":54,"column":12},"end":{"line":67,"column":13}},"23":{"start":{"line":55,"column":33},"end":{"line":55,"column":109}},"24":{"start":{"line":56,"column":16},"end":{"line":66,"column":17}},"25":{"start":{"line":57,"column":20},"end":{"line":63,"column":21}},"26":{"start":{"line":58,"column":47},"end":{"line":58,"column":92}},"27":{"start":{"line":59,"column":24},"end":{"line":59,"column":75}},"28":{"start":{"line":60,"column":24},"end":{"line":60,"column":90}},"29":{"start":{"line":62,"column":24},"end":{"line":62,"column":101}},"30":{"start":{"line":65,"column":20},"end":{"line":65,"column":80}},"31":{"start":{"line":71,"column":8},"end":{"line":74,"column":9}},"32":{"start":{"line":72,"column":12},"end":{"line":72,"column":71}},"33":{"start":{"line":73,"column":12},"end":{"line":73,"column":87}},"34":{"start":{"line":76,"column":8},"end":{"line":76,"column":44}},"35":{"start":{"line":77,"column":8},"end":{"line":77,"column":68}},"36":{"start":{"line":78,"column":8},"end":{"line":78,"column":29}},"37":{"start":{"line":80,"column":8},"end":{"line":80,"column":84}},"38":{"start":{"line":82,"column":4},"end":{"line":82,"column":17}},"39":{"start":{"line":85,"column":0},"end":{"line":85,"column":46}}},"fnMap":{"0":{"name":"(anonymous_0)","decl":{"start":{"line":26,"column":26},"end":{"line":26,"column":27}},"loc":{"start":{"line":26,"column":32},"end":{"line":83,"column":1}},"line":26}},"branchMap":{"0":{"loc":{"start":{"line":27,"column":4},"end":{"line":27,"column":36}},"type":"if","locations":[{"start":{"line":27,"column":4},"end":{"line":27,"column":36}},{"start":{},"end":{}}],"line":27},"1":{"loc":{"start":{"line":30,"column":8},"end":{"line":33,"column":9}},"type":"if","locations":[{"start":{"line":30,"column":8},"end":{"line":33,"column":9}},{"start":{},"end":{}}],"line":30},"2":{"loc":{"start":{"line":39,"column":8},"end":{"line":49,"column":9}},"type":"if","locations":[{"start":{"line":39,"column":8},"end":{"line":49,"column":9}},{"start":{},"end":{}}],"line":39},"3":{"loc":{"start":{"line":41,"column":39},"end":{"line":43,"column":40}},"type":"cond-expr","locations":[{"start":{"line":42,"column":22},"end":{"line":42,"column":52}},{"start":{"line":43,"column":22},"end":{"line":43,"column":40}}],"line":41},"4":{"loc":{"start":{"line":52,"column":8},"end":{"line":68,"column":9}},"type":"if","locations":[{"start":{"line":52,"column":8},"end":{"line":68,"column":9}},{"start":{},"end":{}}],"line":52},"5":{"loc":{"start":{"line":54,"column":12},"end":{"line":67,"column":13}},"type":"if","locations":[{"start":{"line":54,"column":12},"end":{"line":67,"column":13}},{"start":{},"end":{}}],"line":54},"6":{"loc":{"start":{"line":55,"column":33},"end":{"line":55,"column":109}},"type":"cond-expr","locations":[{"start":{"line":55,"column":61},"end":{"line":55,"column":69}},{"start":{"line":55,"column":72},"end":{"line":55,"column":109}}],"line":55},"7":{"loc":{"start":{"line":56,"column":16},"end":{"line":66,"column":17}},"type":"if","locations":[{"start":{"line":56,"column":16},"end":{"line":66,"column":17}},{"start":{"line":64,"column":23},"end":{"line":66,"column":17}}],"line":56},"8":{"loc":{"start":{"line":71,"column":8},"end":{"line":74,"column":9}},"type":"if","locations":[{"start":{"line":71,"column":8},"end":{"line":74,"column":9}},{"start":{},"end":{}}],"line":71}},"s":{"0":1,"1":1,"2":1,"3":1,"4":1,"5":1,"6":1,"7":0,"8":1,"9":1,"10":1,"11":1,"12":0,"13":0,"14":0,"15":0,"16":0,"17":0,"18":0,"19":0,"20":0,"21":0,"22":0,"23":0,"24":0,"25":0,"26":0,"27":0,"28":0,"29":0,"30":0,"31":0,"32":0,"33":0,"34":0,"35":0,"36":0,"37":0,"38":0,"39":1},"f":{"0":1},"b":{"0":[0,1],"1":[1,0],"2":[0,0],"3":[0,0],"4":[0,0],"5":[0,0],"6":[0,0],"7":[0,0],"8":[0,0]},"_coverageSchema":"1a1c01bbd47fc00a2c39e90264f33305004495a9","hash":"b61580b32ed9b65a8137c0101290f20e2abf4b31"}
,"C:\\Users\\Manas Sharma\\Downloads\\flownest-studio (1)\\backend\\middleware\\errorMiddleware.js": {"path":"C:\\Users\\Manas Sharma\\Downloads\\flownest-studio (1)\\backend\\middleware\\errorMiddleware.js","statementMap":{"0":{"start":{"line":1,"column":21},"end":{"line":30,"column":1}},"1":{"start":{"line":2,"column":16},"end":{"line":2,"column":26}},"2":{"start":{"line":3,"column":4},"end":{"line":3,"column":32}},"3":{"start":{"line":6,"column":4},"end":{"line":6,"column":23}},"4":{"start":{"line":9,"column":4},"end":{"line":12,"column":5}},"5":{"start":{"line":10,"column":24},"end":{"line":10,"column":44}},"6":{"start":{"line":11,"column":8},"end":{"line":11,"column":65}},"7":{"start":{"line":15,"column":4},"end":{"line":18,"column":5}},"8":{"start":{"line":16,"column":24},"end":{"line":16,"column":46}},"9":{"start":{"line":17,"column":8},"end":{"line":17,"column":65}},"10":{"start":{"line":21,"column":4},"end":{"line":24,"column":5}},"11":{"start":{"line":22,"column":24},"end":{"line":22,"column":73}},"12":{"start":{"line":22,"column":61},"end":{"line":22,"column":72}},"13":{"start":{"line":23,"column":8},"end":{"line":23,"column":65}},"14":{"start":{"line":26,"column":4},"end":{"line":29,"column":7}},"15":{"start":{"line":32,"column":0},"end":{"line":32,"column":30}}},"fnMap":{"0":{"name":"(anonymous_0)","decl":{"start":{"line":1,"column":21},"end":{"line":1,"column":22}},"loc":{"start":{"line":1,"column":46},"end":{"line":30,"column":1}},"line":1},"1":{"name":"(anonymous_1)","decl":{"start":{"line":22,"column":54},"end":{"line":22,"column":55}},"loc":{"start":{"line":22,"column":61},"end":{"line":22,"column":72}},"line":22}},"branchMap":{"0":{"loc":{"start":{"line":9,"column":4},"end":{"line":12,"column":5}},"type":"if","locations":[{"start":{"line":9,"column":4},"end":{"line":12,"column":5}},{"start":{},"end":{}}],"line":9},"1":{"loc":{"start":{"line":15,"column":4},"end":{"line":18,"column":5}},"type":"if","locations":[{"start":{"line":15,"column":4},"end":{"line":18,"column":5}},{"start":{},"end":{}}],"line":15},"2":{"loc":{"start":{"line":21,"column":4},"end":{"line":24,"column":5}},"type":"if","locations":[{"start":{"line":21,"column":4},"end":{"line":24,"column":5}},{"start":{},"end":{}}],"line":21},"3":{"loc":{"start":{"line":26,"column":15},"end":{"line":26,"column":38}},"type":"binary-expr","locations":[{"start":{"line":26,"column":15},"end":{"line":26,"column":31}},{"start":{"line":26,"column":35},"end":{"line":26,"column":38}}],"line":26},"4":{"loc":{"start":{"line":28,"column":17},"end":{"line":28,"column":48}},"type":"binary-expr","locations":[{"start":{"line":28,"column":17},"end":{"line":28,"column":30}},{"start":{"line":28,"column":34},"end":{"line":28,"column":48}}],"line":28}},"s":{"0":1,"1":0,"2":0,"3":0,"4":0,"5":0,"6":0,"7":0,"8":0,"9":0,"10":0,"11":0,"12":0,"13":0,"14":0,"15":1},"f":{"0":0,"1":0},"b":{"0":[0,0],"1":[0,0],"2":[0,0],"3":[0,0],"4":[0,0]},"_coverageSchema":"1a1c01bbd47fc00a2c39e90264f33305004495a9","hash":"5e024495c669984f28d47b623ea97ebcae75c762"}
,"C:\\Users\\Manas Sharma\\Downloads\\flownest-studio (1)\\backend\\models\\Booking.js": {"path":"C:\\Users\\Manas Sharma\\Downloads\\flownest-studio (1)\\backend\\models\\Booking.js","statementMap":{"0":{"start":{"line":1,"column":22},"end":{"line":1,"column":42}},"1":{"start":{"line":2,"column":22},"end":{"line":2,"column":45}},"2":{"start":{"line":4,"column":16},"end":{"line":66,"column":2}},"3":{"start":{"line":68,"column":0},"end":{"line":68,"column":25}}},"fnMap":{},"branchMap":{},"s":{"0":1,"1":1,"2":1,"3":1},"f":{},"b":{},"_coverageSchema":"1a1c01bbd47fc00a2c39e90264f33305004495a9","hash":"c5dc34017c9464ed00784a1f3302f1acf87e9da4"}
,"C:\\Users\\Manas Sharma\\Downloads\\flownest-studio (1)\\backend\\models\\Transaction.js": {"path":"C:\\Users\\Manas Sharma\\Downloads\\flownest-studio (1)\\backend\\models\\Transaction.js","statementMap":{"0":{"start":{"line":1,"column":22},"end":{"line":1,"column":42}},"1":{"start":{"line":2,"column":22},"end":{"line":2,"column":45}},"2":{"start":{"line":4,"column":20},"end":{"line":39,"column":2}},"3":{"start":{"line":41,"column":0},"end":{"line":41,"column":29}}},"fnMap":{},"branchMap":{},"s":{"0":1,"1":1,"2":1,"3":1},"f":{},"b":{},"_coverageSchema":"1a1c01bbd47fc00a2c39e90264f33305004495a9","hash":"d9ddc2e90e4705243403e136f84b5ef4692e81aa"}
,"C:\\Users\\Manas Sharma\\Downloads\\flownest-studio (1)\\backend\\models\\User.js": {"path":"C:\\Users\\Manas Sharma\\Downloads\\flownest-studio (1)\\backend\\models\\User.js","statementMap":{"0":{"start":{"line":1,"column":22},"end":{"line":1,"column":42}},"1":{"start":{"line":2,"column":22},"end":{"line":2,"column":45}},"2":{"start":{"line":4,"column":13},"end":{"line":30,"column":2}},"3":{"start":{"line":32,"column":0},"end":{"line":32,"column":22}}},"fnMap":{},"branchMap":{},"s":{"0":1,"1":1,"2":1,"3":1},"f":{},"b":{},"_coverageSchema":"1a1c01bbd47fc00a2c39e90264f33305004495a9","hash":"fc0762d6c07777406e215641f76c788a9cf36326"}
,"C:\\Users\\Manas Sharma\\Downloads\\flownest-studio (1)\\backend\\routes\\adminRoutes.js": {"path":"C:\\Users\\Manas Sharma\\Downloads\\flownest-studio (1)\\backend\\routes\\adminRoutes.js","statementMap":{"0":{"start":{"line":1,"column":16},"end":{"line":1,"column":34}},"1":{"start":{"line":2,"column":15},"end":{"line":2,"column":31}},"2":{"start":{"line":3,"column":12},"end":{"line":3,"column":35}},"3":{"start":{"line":4,"column":16},"end":{"line":4,"column":44}},"4":{"start":{"line":5,"column":29},"end":{"line":5,"column":60}},"5":{"start":{"line":6,"column":21},"end":{"line":6,"column":54}},"6":{"start":{"line":7,"column":16},"end":{"line":7,"column":44}},"7":{"start":{"line":8,"column":18},"end":{"line":8,"column":52}},"8":{"start":{"line":11,"column":21},"end":{"line":32,"column":1}},"9":{"start":{"line":13,"column":4},"end":{"line":31,"column":5}},"10":{"start":{"line":14,"column":8},"end":{"line":28,"column":9}},"11":{"start":{"line":15,"column":12},"end":{"line":15,"column":60}},"12":{"start":{"line":17,"column":28},"end":{"line":17,"column":90}},"13":{"start":{"line":19,"column":12},"end":{"line":24,"column":13}},"14":{"start":{"line":20,"column":16},"end":{"line":20,"column":36}},"15":{"start":{"line":21,"column":16},"end":{"line":21,"column":23}},"16":{"start":{"line":23,"column":16},"end":{"line":23,"column":80}},"17":{"start":{"line":26,"column":12},"end":{"line":26,"column":33}},"18":{"start":{"line":27,"column":12},"end":{"line":27,"column":78}},"19":{"start":{"line":30,"column":8},"end":{"line":30,"column":70}},"20":{"start":{"line":39,"column":0},"end":{"line":57,"column":3}},"21":{"start":{"line":40,"column":32},"end":{"line":40,"column":40}},"22":{"start":{"line":43,"column":23},"end":{"line":43,"column":72}},"23":{"start":{"line":44,"column":26},"end":{"line":44,"column":68}},"24":{"start":{"line":46,"column":4},"end":{"line":56,"column":5}},"25":{"start":{"line":48,"column":22},"end":{"line":52,"column":9}},"26":{"start":{"line":53,"column":8},"end":{"line":53,"column":89}},"27":{"start":{"line":55,"column":8},"end":{"line":55,"column":87}},"28":{"start":{"line":64,"column":0},"end":{"line":181,"column":3}},"29":{"start":{"line":65,"column":4},"end":{"line":180,"column":5}},"30":{"start":{"line":66,"column":55},"end":{"line":70,"column":10}},"31":{"start":{"line":71,"column":27},"end":{"line":71,"column":36}},"32":{"start":{"line":72,"column":29},"end":{"line":77,"column":10}},"33":{"start":{"line":73,"column":24},"end":{"line":73,"column":57}},"34":{"start":{"line":74,"column":12},"end":{"line":74,"column":58}},"35":{"start":{"line":74,"column":45},"end":{"line":74,"column":58}},"36":{"start":{"line":75,"column":12},"end":{"line":75,"column":32}},"37":{"start":{"line":76,"column":12},"end":{"line":76,"column":24}},"38":{"start":{"line":79,"column":28},"end":{"line":79,"column":37}},"39":{"start":{"line":81,"column":27},"end":{"line":87,"column":9}},"40":{"start":{"line":82,"column":12},"end":{"line":82,"column":36}},"41":{"start":{"line":82,"column":24},"end":{"line":82,"column":36}},"42":{"start":{"line":83,"column":22},"end":{"line":83,"column":49}},"43":{"start":{"line":84,"column":12},"end":{"line":84,"column":84}},"44":{"start":{"line":84,"column":72},"end":{"line":84,"column":84}},"45":{"start":{"line":85,"column":12},"end":{"line":85,"column":53}},"46":{"start":{"line":85,"column":41},"end":{"line":85,"column":53}},"47":{"start":{"line":86,"column":12},"end":{"line":86,"column":25}},"48":{"start":{"line":90,"column":8},"end":{"line":108,"column":11}},"49":{"start":{"line":91,"column":12},"end":{"line":91,"column":75}},"50":{"start":{"line":91,"column":68},"end":{"line":91,"column":75}},"51":{"start":{"line":92,"column":28},"end":{"line":92,"column":89}},"52":{"start":{"line":92,"column":52},"end":{"line":92,"column":88}},"53":{"start":{"line":93,"column":12},"end":{"line":107,"column":15}},"54":{"start":{"line":111,"column":8},"end":{"line":132,"column":11}},"55":{"start":{"line":112,"column":24},"end":{"line":112,"column":58}},"56":{"start":{"line":113,"column":12},"end":{"line":113,"column":29}},"57":{"start":{"line":113,"column":22},"end":{"line":113,"column":29}},"58":{"start":{"line":114,"column":12},"end":{"line":131,"column":13}},"59":{"start":{"line":115,"column":32},"end":{"line":115,"column":79}},"60":{"start":{"line":115,"column":56},"end":{"line":115,"column":78}},"61":{"start":{"line":116,"column":16},"end":{"line":130,"column":19}},"62":{"start":{"line":135,"column":33},"end":{"line":135,"column":115}},"63":{"start":{"line":136,"column":8},"end":{"line":168,"column":9}},"64":{"start":{"line":137,"column":12},"end":{"line":167,"column":13}},"65":{"start":{"line":139,"column":16},"end":{"line":164,"column":40}},"66":{"start":{"line":140,"column":39},"end":{"line":140,"column":88}},"67":{"start":{"line":141,"column":20},"end":{"line":162,"column":23}},"68":{"start":{"line":142,"column":38},"end":{"line":142,"column":65}},"69":{"start":{"line":143,"column":24},"end":{"line":143,"column":83}},"70":{"start":{"line":143,"column":76},"end":{"line":143,"column":83}},"71":{"start":{"line":144,"column":24},"end":{"line":161,"column":25}},"72":{"start":{"line":145,"column":44},"end":{"line":145,"column":92}},"73":{"start":{"line":145,"column":68},"end":{"line":145,"column":91}},"74":{"start":{"line":146,"column":28},"end":{"line":160,"column":31}},"75":{"start":{"line":163,"column":20},"end":{"line":163,"column":57}},"76":{"start":{"line":166,"column":16},"end":{"line":166,"column":86}},"77":{"start":{"line":170,"column":26},"end":{"line":174,"column":10}},"78":{"start":{"line":171,"column":23},"end":{"line":171,"column":72}},"79":{"start":{"line":172,"column":23},"end":{"line":172,"column":72}},"80":{"start":{"line":173,"column":12},"end":{"line":173,"column":27}},"81":{"start":{"line":176,"column":8},"end":{"line":176,"column":90}},"82":{"start":{"line":178,"column":8},"end":{"line":178,"column":55}},"83":{"start":{"line":179,"column":8},"end":{"line":179,"column":87}},"84":{"start":{"line":188,"column":0},"end":{"line":234,"column":3}},"85":{"start":{"line":189,"column":4},"end":{"line":233,"column":5}},"86":{"start":{"line":190,"column":22},"end":{"line":190,"column":58}},"87":{"start":{"line":191,"column":22},"end":{"line":191,"column":65}},"88":{"start":{"line":193,"column":8},"end":{"line":208,"column":9}},"89":{"start":{"line":194,"column":31},"end":{"line":194,"column":85}},"90":{"start":{"line":195,"column":12},"end":{"line":207,"column":13}},"91":{"start":{"line":196,"column":16},"end":{"line":206,"column":18}},"92":{"start":{"line":210,"column":8},"end":{"line":212,"column":9}},"93":{"start":{"line":211,"column":12},"end":{"line":211,"column":91}},"94":{"start":{"line":214,"column":29},"end":{"line":216,"column":10}},"95":{"start":{"line":217,"column":25},"end":{"line":220,"column":10}},"96":{"start":{"line":222,"column":8},"end":{"line":229,"column":11}},"97":{"start":{"line":231,"column":8},"end":{"line":231,"column":61}},"98":{"start":{"line":232,"column":8},"end":{"line":232,"column":94}},"99":{"start":{"line":241,"column":0},"end":{"line":287,"column":3}},"100":{"start":{"line":242,"column":4},"end":{"line":286,"column":5}},"101":{"start":{"line":243,"column":32},"end":{"line":243,"column":40}},"102":{"start":{"line":245,"column":8},"end":{"line":247,"column":9}},"103":{"start":{"line":246,"column":12},"end":{"line":246,"column":101}},"104":{"start":{"line":249,"column":24},"end":{"line":249,"column":61}},"105":{"start":{"line":251,"column":8},"end":{"line":253,"column":9}},"106":{"start":{"line":252,"column":12},"end":{"line":252,"column":90}},"107":{"start":{"line":255,"column":8},"end":{"line":255,"column":42}},"108":{"start":{"line":256,"column":8},"end":{"line":256,"column":29}},"109":{"start":{"line":259,"column":8},"end":{"line":279,"column":9}},"110":{"start":{"line":260,"column":12},"end":{"line":276,"column":15}},"111":{"start":{"line":278,"column":12},"end":{"line":278,"column":73}},"112":{"start":{"line":281,"column":8},"end":{"line":281,"column":109}},"113":{"start":{"line":284,"column":8},"end":{"line":284,"column":56}},"114":{"start":{"line":285,"column":8},"end":{"line":285,"column":91}},"115":{"start":{"line":294,"column":0},"end":{"line":332,"column":3}},"116":{"start":{"line":295,"column":4},"end":{"line":297,"column":5}},"117":{"start":{"line":296,"column":8},"end":{"line":296,"column":52}},"118":{"start":{"line":298,"column":4},"end":{"line":331,"column":5}},"119":{"start":{"line":299,"column":24},"end":{"line":299,"column":52}},"120":{"start":{"line":301,"column":25},"end":{"line":301,"column":26}},"121":{"start":{"line":302,"column":8},"end":{"line":327,"column":9}},"122":{"start":{"line":303,"column":12},"end":{"line":326,"column":13}},"123":{"start":{"line":304,"column":31},"end":{"line":304,"column":32}},"124":{"start":{"line":305,"column":33},"end":{"line":305,"column":67}},"125":{"start":{"line":306,"column":16},"end":{"line":309,"column":70}},"126":{"start":{"line":306,"column":49},"end":{"line":306,"column":63}},"127":{"start":{"line":307,"column":21},"end":{"line":309,"column":70}},"128":{"start":{"line":307,"column":62},"end":{"line":307,"column":76}},"129":{"start":{"line":308,"column":21},"end":{"line":309,"column":70}},"130":{"start":{"line":308,"column":55},"end":{"line":308,"column":69}},"131":{"start":{"line":309,"column":21},"end":{"line":309,"column":70}},"132":{"start":{"line":309,"column":57},"end":{"line":309,"column":70}},"133":{"start":{"line":311,"column":30},"end":{"line":311,"column":79}},"134":{"start":{"line":312,"column":16},"end":{"line":314,"column":17}},"135":{"start":{"line":313,"column":20},"end":{"line":313,"column":54}},"136":{"start":{"line":316,"column":16},"end":{"line":316,"column":45}},"137":{"start":{"line":317,"column":16},"end":{"line":317,"column":67}},"138":{"start":{"line":317,"column":45},"end":{"line":317,"column":67}},"139":{"start":{"line":320,"column":26},"end":{"line":320,"column":63}},"140":{"start":{"line":321,"column":16},"end":{"line":321,"column":45}},"141":{"start":{"line":322,"column":16},"end":{"line":322,"column":35}},"142":{"start":{"line":324,"column":16},"end":{"line":324,"column":33}},"143":{"start":{"line":325,"column":16},"end":{"line":325,"column":29}},"144":{"start":{"line":328,"column":8},"end":{"line":328,"column":109}},"145":{"start":{"line":330,"column":8},"end":{"line":330,"column":51}},"146":{"start":{"line":334,"column":0},"end":{"line":334,"column":24}}},"fnMap":{"0":{"name":"(anonymous_0)","decl":{"start":{"line":11,"column":21},"end":{"line":11,"column":22}},"loc":{"start":{"line":11,"column":41},"end":{"line":32,"column":1}},"line":11},"1":{"name":"(anonymous_1)","decl":{"start":{"line":39,"column":22},"end":{"line":39,"column":23}},"loc":{"start":{"line":39,"column":36},"end":{"line":57,"column":1}},"line":39},"2":{"name":"(anonymous_2)","decl":{"start":{"line":64,"column":39},"end":{"line":64,"column":40}},"loc":{"start":{"line":64,"column":59},"end":{"line":181,"column":1}},"line":64},"3":{"name":"(anonymous_3)","decl":{"start":{"line":72,"column":48},"end":{"line":72,"column":49}},"loc":{"start":{"line":72,"column":53},"end":{"line":77,"column":9}},"line":72},"4":{"name":"(anonymous_4)","decl":{"start":{"line":81,"column":27},"end":{"line":81,"column":28}},"loc":{"start":{"line":81,"column":43},"end":{"line":87,"column":9}},"line":81},"5":{"name":"(anonymous_5)","decl":{"start":{"line":90,"column":25},"end":{"line":90,"column":26}},"loc":{"start":{"line":90,"column":36},"end":{"line":108,"column":9}},"line":90},"6":{"name":"(anonymous_6)","decl":{"start":{"line":92,"column":47},"end":{"line":92,"column":48}},"loc":{"start":{"line":92,"column":52},"end":{"line":92,"column":88}},"line":92},"7":{"name":"(anonymous_7)","decl":{"start":{"line":111,"column":29},"end":{"line":111,"column":30}},"loc":{"start":{"line":111,"column":35},"end":{"line":132,"column":9}},"line":111},"8":{"name":"(anonymous_8)","decl":{"start":{"line":115,"column":51},"end":{"line":115,"column":52}},"loc":{"start":{"line":115,"column":56},"end":{"line":115,"column":78}},"line":115},"9":{"name":"(anonymous_9)","decl":{"start":{"line":141,"column":45},"end":{"line":141,"column":46}},"loc":{"start":{"line":141,"column":55},"end":{"line":162,"column":21}},"line":141},"10":{"name":"(anonymous_10)","decl":{"start":{"line":145,"column":63},"end":{"line":145,"column":64}},"loc":{"start":{"line":145,"column":68},"end":{"line":145,"column":91}},"line":145},"11":{"name":"(anonymous_11)","decl":{"start":{"line":170,"column":64},"end":{"line":170,"column":65}},"loc":{"start":{"line":170,"column":74},"end":{"line":174,"column":9}},"line":170},"12":{"name":"(anonymous_12)","decl":{"start":{"line":188,"column":45},"end":{"line":188,"column":46}},"loc":{"start":{"line":188,"column":65},"end":{"line":234,"column":1}},"line":188},"13":{"name":"(anonymous_13)","decl":{"start":{"line":241,"column":51},"end":{"line":241,"column":52}},"loc":{"start":{"line":241,"column":71},"end":{"line":287,"column":1}},"line":241},"14":{"name":"(anonymous_14)","decl":{"start":{"line":294,"column":43},"end":{"line":294,"column":44}},"loc":{"start":{"line":294,"column":63},"end":{"line":332,"column":1}},"line":294}},"branchMap":{"0":{"loc":{"start":{"line":13,"column":4},"end":{"line":31,"column":5}},"type":"if","locations":[{"start":{"line":13,"column":4},"end":{"line":31,"column":5}},{"start":{"line":29,"column":11},"end":{"line":31,"column":5}}],"line":13},"1":{"loc":{"start":{"line":13,"column":8},"end":{"line":13,"column":83}},"type":"binary-expr","locations":[{"start":{"line":13,"column":8},"end":{"line":13,"column":33}},{"start":{"line":13,"column":37},"end":{"line":13,"column":83}}],"line":13},"2":{"loc":{"start":{"line":17,"column":46},"end":{"line":17,"column":89}},"type":"binary-expr","locations":[{"start":{"line":17,"column":46},"end":{"line":17,"column":68}},{"start":{"line":17,"column":72},"end":{"line":17,"column":89}}],"line":17},"3":{"loc":{"start":{"line":19,"column":12},"end":{"line":24,"column":13}},"type":"if","locations":[{"start":{"line":19,"column":12},"end":{"line":24,"column":13}},{"start":{"line":22,"column":19},"end":{"line":24,"column":13}}],"line":19},"4":{"loc":{"start":{"line":43,"column":23},"end":{"line":43,"column":72}},"type":"binary-expr","locations":[{"start":{"line":43,"column":23},"end":{"line":43,"column":46}},{"start":{"line":43,"column":50},"end":{"line":43,"column":72}}],"line":43},"5":{"loc":{"start":{"line":44,"column":26},"end":{"line":44,"column":68}},"type":"binary-expr","locations":[{"start":{"line":44,"column":26},"end":{"line":44,"column":52}},{"start":{"line":44,"column":56},"end":{"line":44,"column":68}}],"line":44},"6":{"loc":{"start":{"line":46,"column":4},"end":{"line":56,"column":5}},"type":"if","locations":[{"start":{"line":46,"column":4},"end":{"line":56,"column":5}},{"start":{"line":54,"column":11},"end":{"line":56,"column":5}}],"line":46},"7":{"loc":{"start":{"line":46,"column":8},"end":{"line":46,"column":58}},"type":"binary-expr","locations":[{"start":{"line":46,"column":8},"end":{"line":46,"column":28}},{"start":{"line":46,"column":32},"end":{"line":46,"column":58}}],"line":46},"8":{"loc":{"start":{"line":50,"column":12},"end":{"line":50,"column":55}},"type":"binary-expr","locations":[{"start":{"line":50,"column":12},"end":{"line":50,"column":34}},{"start":{"line":50,"column":38},"end":{"line":50,"column":55}}],"line":50},"9":{"loc":{"start":{"line":73,"column":25},"end":{"line":73,"column":42}},"type":"binary-expr","locations":[{"start":{"line":73,"column":25},"end":{"line":73,"column":36}},{"start":{"line":73,"column":40},"end":{"line":73,"column":42}}],"line":73},"10":{"loc":{"start":{"line":74,"column":12},"end":{"line":74,"column":58}},"type":"if","locations":[{"start":{"line":74,"column":12},"end":{"line":74,"column":58}},{"start":{},"end":{}}],"line":74},"11":{"loc":{"start":{"line":74,"column":16},"end":{"line":74,"column":43}},"type":"binary-expr","locations":[{"start":{"line":74,"column":16},"end":{"line":74,"column":20}},{"start":{"line":74,"column":24},"end":{"line":74,"column":43}}],"line":74},"12":{"loc":{"start":{"line":82,"column":12},"end":{"line":82,"column":36}},"type":"if","locations":[{"start":{"line":82,"column":12},"end":{"line":82,"column":36}},{"start":{},"end":{}}],"line":82},"13":{"loc":{"start":{"line":83,"column":23},"end":{"line":83,"column":34}},"type":"binary-expr","locations":[{"start":{"line":83,"column":23},"end":{"line":83,"column":28}},{"start":{"line":83,"column":32},"end":{"line":83,"column":34}}],"line":83},"14":{"loc":{"start":{"line":84,"column":12},"end":{"line":84,"column":84}},"type":"if","locations":[{"start":{"line":84,"column":12},"end":{"line":84,"column":84}},{"start":{},"end":{}}],"line":84},"15":{"loc":{"start":{"line":84,"column":16},"end":{"line":84,"column":70}},"type":"binary-expr","locations":[{"start":{"line":84,"column":16},"end":{"line":84,"column":40}},{"start":{"line":84,"column":44},"end":{"line":84,"column":70}}],"line":84},"16":{"loc":{"start":{"line":85,"column":12},"end":{"line":85,"column":53}},"type":"if","locations":[{"start":{"line":85,"column":12},"end":{"line":85,"column":53}},{"start":{},"end":{}}],"line":85},"17":{"loc":{"start":{"line":85,"column":16},"end":{"line":85,"column":39}},"type":"binary-expr","locations":[{"start":{"line":85,"column":16},"end":{"line":85,"column":31}},{"start":{"line":85,"column":35},"end":{"line":85,"column":39}}],"line":85},"18":{"loc":{"start":{"line":91,"column":12},"end":{"line":91,"column":75}},"type":"if","locations":[{"start":{"line":91,"column":12},"end":{"line":91,"column":75}},{"start":{},"end":{}}],"line":91},"19":{"loc":{"start":{"line":96,"column":22},"end":{"line":96,"column":83}},"type":"binary-expr","locations":[{"start":{"line":96,"column":22},"end":{"line":96,"column":41}},{"start":{"line":96,"column":45},"end":{"line":96,"column":73}},{"start":{"line":96,"column":77},"end":{"line":96,"column":83}}],"line":96},"20":{"loc":{"start":{"line":100,"column":30},"end":{"line":106,"column":24}},"type":"cond-expr","locations":[{"start":{"line":100,"column":40},"end":{"line":106,"column":17}},{"start":{"line":106,"column":20},"end":{"line":106,"column":24}}],"line":100},"21":{"loc":{"start":{"line":112,"column":25},"end":{"line":112,"column":43}},"type":"binary-expr","locations":[{"start":{"line":112,"column":25},"end":{"line":112,"column":37}},{"start":{"line":112,"column":41},"end":{"line":112,"column":43}}],"line":112},"22":{"loc":{"start":{"line":113,"column":12},"end":{"line":113,"column":29}},"type":"if","locations":[{"start":{"line":113,"column":12},"end":{"line":113,"column":29}},{"start":{},"end":{}}],"line":113},"23":{"loc":{"start":{"line":114,"column":12},"end":{"line":131,"column":13}},"type":"if","locations":[{"start":{"line":114,"column":12},"end":{"line":131,"column":13}},{"start":{},"end":{}}],"line":114},"24":{"loc":{"start":{"line":119,"column":26},"end":{"line":119,"column":78}},"type":"binary-expr","locations":[{"start":{"line":119,"column":26},"end":{"line":119,"column":37}},{"start":{"line":119,"column":41},"end":{"line":119,"column":68}},{"start":{"line":119,"column":72},"end":{"line":119,"column":78}}],"line":119},"25":{"loc":{"start":{"line":123,"column":34},"end":{"line":129,"column":28}},"type":"cond-expr","locations":[{"start":{"line":123,"column":44},"end":{"line":129,"column":21}},{"start":{"line":129,"column":24},"end":{"line":129,"column":28}}],"line":123},"26":{"loc":{"start":{"line":135,"column":33},"end":{"line":135,"column":115}},"type":"binary-expr","locations":[{"start":{"line":135,"column":33},"end":{"line":135,"column":69}},{"start":{"line":135,"column":73},"end":{"line":135,"column":115}}],"line":135},"27":{"loc":{"start":{"line":136,"column":8},"end":{"line":168,"column":9}},"type":"if","locations":[{"start":{"line":136,"column":8},"end":{"line":168,"column":9}},{"start":{},"end":{}}],"line":136},"28":{"loc":{"start":{"line":136,"column":12},"end":{"line":136,"column":68}},"type":"binary-expr","locations":[{"start":{"line":136,"column":12},"end":{"line":136,"column":34}},{"start":{"line":136,"column":38},"end":{"line":136,"column":48}},{"start":{"line":136,"column":52},"end":{"line":136,"column":68}}],"line":136},"29":{"loc":{"start":{"line":143,"column":24},"end":{"line":143,"column":83}},"type":"if","locations":[{"start":{"line":143,"column":24},"end":{"line":143,"column":83}},{"start":{},"end":{}}],"line":143},"30":{"loc":{"start":{"line":143,"column":28},"end":{"line":143,"column":74}},"type":"binary-expr","locations":[{"start":{"line":143,"column":28},"end":{"line":143,"column":34}},{"start":{"line":143,"column":38},"end":{"line":143,"column":74}}],"line":143},"31":{"loc":{"start":{"line":144,"column":24},"end":{"line":161,"column":25}},"type":"if","locations":[{"start":{"line":144,"column":24},"end":{"line":161,"column":25}},{"start":{},"end":{}}],"line":144},"32":{"loc":{"start":{"line":149,"column":38},"end":{"line":149,"column":97}},"type":"binary-expr","locations":[{"start":{"line":149,"column":38},"end":{"line":149,"column":56}},{"start":{"line":149,"column":60},"end":{"line":149,"column":87}},{"start":{"line":149,"column":91},"end":{"line":149,"column":97}}],"line":149},"33":{"loc":{"start":{"line":151,"column":43},"end":{"line":151,"column":120}},"type":"cond-expr","locations":[{"start":{"line":151,"column":75},"end":{"line":151,"column":113}},{"start":{"line":151,"column":116},"end":{"line":151,"column":120}}],"line":151},"34":{"loc":{"start":{"line":153,"column":46},"end":{"line":159,"column":40}},"type":"cond-expr","locations":[{"start":{"line":153,"column":56},"end":{"line":159,"column":33}},{"start":{"line":159,"column":36},"end":{"line":159,"column":40}}],"line":153},"35":{"loc":{"start":{"line":171,"column":23},"end":{"line":171,"column":72}},"type":"cond-expr","locations":[{"start":{"line":171,"column":37},"end":{"line":171,"column":58}},{"start":{"line":171,"column":61},"end":{"line":171,"column":72}}],"line":171},"36":{"loc":{"start":{"line":172,"column":23},"end":{"line":172,"column":72}},"type":"cond-expr","locations":[{"start":{"line":172,"column":37},"end":{"line":172,"column":58}},{"start":{"line":172,"column":61},"end":{"line":172,"column":72}}],"line":172},"37":{"loc":{"start":{"line":193,"column":8},"end":{"line":208,"column":9}},"type":"if","locations":[{"start":{"line":193,"column":8},"end":{"line":208,"column":9}},{"start":{},"end":{}}],"line":193},"38":{"loc":{"start":{"line":195,"column":12},"end":{"line":207,"column":13}},"type":"if","locations":[{"start":{"line":195,"column":12},"end":{"line":207,"column":13}},{"start":{},"end":{}}],"line":195},"39":{"loc":{"start":{"line":210,"column":8},"end":{"line":212,"column":9}},"type":"if","locations":[{"start":{"line":210,"column":8},"end":{"line":212,"column":9}},{"start":{},"end":{}}],"line":210},"40":{"loc":{"start":{"line":226,"column":30},"end":{"line":226,"column":50}},"type":"binary-expr","locations":[{"start":{"line":226,"column":30},"end":{"line":226,"column":42}},{"start":{"line":226,"column":46},"end":{"line":226,"column":50}}],"line":226},"41":{"loc":{"start":{"line":245,"column":8},"end":{"line":247,"column":9}},"type":"if","locations":[{"start":{"line":245,"column":8},"end":{"line":247,"column":9}},{"start":{},"end":{}}],"line":245},"42":{"loc":{"start":{"line":251,"column":8},"end":{"line":253,"column":9}},"type":"if","locations":[{"start":{"line":251,"column":8},"end":{"line":253,"column":9}},{"start":{},"end":{}}],"line":251},"43":{"loc":{"start":{"line":295,"column":4},"end":{"line":297,"column":5}},"type":"if","locations":[{"start":{"line":295,"column":4},"end":{"line":297,"column":5}},{"start":{},"end":{}}],"line":295},"44":{"loc":{"start":{"line":303,"column":12},"end":{"line":326,"column":13}},"type":"if","locations":[{"start":{"line":303,"column":12},"end":{"line":326,"column":13}},{"start":{},"end":{}}],"line":303},"45":{"loc":{"start":{"line":303,"column":16},"end":{"line":303,"column":98}},"type":"binary-expr","locations":[{"start":{"line":303,"column":16},"end":{"line":303,"column":39}},{"start":{"line":303,"column":43},"end":{"line":303,"column":69}},{"start":{"line":303,"column":73},"end":{"line":303,"column":98}}],"line":303},"46":{"loc":{"start":{"line":305,"column":34},"end":{"line":305,"column":52}},"type":"binary-expr","locations":[{"start":{"line":305,"column":34},"end":{"line":305,"column":46}},{"start":{"line":305,"column":50},"end":{"line":305,"column":52}}],"line":305},"47":{"loc":{"start":{"line":306,"column":16},"end":{"line":309,"column":70}},"type":"if","locations":[{"start":{"line":306,"column":16},"end":{"line":309,"column":70}},{"start":{"line":307,"column":21},"end":{"line":309,"column":70}}],"line":306},"48":{"loc":{"start":{"line":307,"column":21},"end":{"line":309,"column":70}},"type":"if","locations":[{"start":{"line":307,"column":21},"end":{"line":309,"column":70}},{"start":{"line":308,"column":21},"end":{"line":309,"column":70}}],"line":307},"49":{"loc":{"start":{"line":308,"column":21},"end":{"line":309,"column":70}},"type":"if","locations":[{"start":{"line":308,"column":21},"end":{"line":309,"column":70}},{"start":{"line":309,"column":21},"end":{"line":309,"column":70}}],"line":308},"50":{"loc":{"start":{"line":309,"column":21},"end":{"line":309,"column":70}},"type":"if","locations":[{"start":{"line":309,"column":21},"end":{"line":309,"column":70}},{"start":{},"end":{}}],"line":309},"51":{"loc":{"start":{"line":312,"column":16},"end":{"line":314,"column":17}},"type":"if","locations":[{"start":{"line":312,"column":16},"end":{"line":314,"column":17}},{"start":{},"end":{}}],"line":312},"52":{"loc":{"start":{"line":317,"column":16},"end":{"line":317,"column":67}},"type":"if","locations":[{"start":{"line":317,"column":16},"end":{"line":317,"column":67}},{"start":{},"end":{}}],"line":317},"53":{"loc":{"start":{"line":320,"column":35},"end":{"line":320,"column":62}},"type":"binary-expr","locations":[{"start":{"line":320,"column":35},"end":{"line":320,"column":48}},{"start":{"line":320,"column":52},"end":{"line":320,"column":62}}],"line":320}},"s":{"0":1,"1":1,"2":1,"3":1,"4":1,"5":1,"6":1,"7":1,"8":1,"9":0,"10":0,"11":0,"12":0,"13":0,"14":0,"15":0,"16":0,"17":0,"18":0,"19":0,"20":1,"21":0,"22":0,"23":0,"24":0,"25":0,"26":0,"27":0,"28":1,"29":0,"30":0,"31":0,"32":0,"33":0,"34":0,"35":0,"36":0,"37":0,"38":0,"39":0,"40":0,"41":0,"42":0,"43":0,"44":0,"45":0,"46":0,"47":0,"48":0,"49":0,"50":0,"51":0,"52":0,"53":0,"54":0,"55":0,"56":0,"57":0,"58":0,"59":0,"60":0,"61":0,"62":0,"63":0,"64":0,"65":0,"66":0,"67":0,"68":0,"69":0,"70":0,"71":0,"72":0,"73":0,"74":0,"75":0,"76":0,"77":0,"78":0,"79":0,"80":0,"81":0,"82":0,"83":0,"84":1,"85":0,"86":0,"87":0,"88":0,"89":0,"90":0,"91":0,"92":0,"93":0,"94":0,"95":0,"96":0,"97":0,"98":0,"99":1,"100":0,"101":0,"102":0,"103":0,"104":0,"105":0,"106":0,"107":0,"108":0,"109":0,"110":0,"111":0,"112":0,"113":0,"114":0,"115":1,"116":0,"117":0,"118":0,"119":0,"120":0,"121":0,"122":0,"123":0,"124":0,"125":0,"126":0,"127":0,"128":0,"129":0,"130":0,"131":0,"132":0,"133":0,"134":0,"135":0,"136":0,"137":0,"138":0,"139":0,"140":0,"141":0,"142":0,"143":0,"144":0,"145":0,"146":1},"f":{"0":0,"1":0,"2":0,"3":0,"4":0,"5":0,"6":0,"7":0,"8":0,"9":0,"10":0,"11":0,"12":0,"13":0,"14":0},"b":{"0":[0,0],"1":[0,0],"2":[0,0],"3":[0,0],"4":[0,0],"5":[0,0],"6":[0,0],"7":[0,0],"8":[0,0],"9":[0,0],"10":[0,0],"11":[0,0],"12":[0,0],"13":[0,0],"14":[0,0],"15":[0,0],"16":[0,0],"17":[0,0],"18":[0,0],"19":[0,0,0],"20":[0,0],"21":[0,0],"22":[0,0],"23":[0,0],"24":[0,0,0],"25":[0,0],"26":[0,0],"27":[0,0],"28":[0,0,0],"29":[0,0],"30":[0,0],"31":[0,0],"32":[0,0,0],"33":[0,0],"34":[0,0],"35":[0,0],"36":[0,0],"37":[0,0],"38":[0,0],"39":[0,0],"40":[0,0],"41":[0,0],"42":[0,0],"43":[0,0],"44":[0,0],"45":[0,0,0],"46":[0,0],"47":[0,0],"48":[0,0],"49":[0,0],"50":[0,0],"51":[0,0],"52":[0,0],"53":[0,0]},"_coverageSchema":"1a1c01bbd47fc00a2c39e90264f33305004495a9","hash":"b789a2a68a4637e8aefeca32c9815d3496f16fac"}
,"C:\\Users\\Manas Sharma\\Downloads\\flownest-studio (1)\\backend\\routes\\bookingRoutes.js": {"path":"C:\\Users\\Manas Sharma\\Downloads\\flownest-studio (1)\\backend\\routes\\bookingRoutes.js","statementMap":{"0":{"start":{"line":1,"column":16},"end":{"line":1,"column":34}},"1":{"start":{"line":2,"column":15},"end":{"line":2,"column":31}},"2":{"start":{"line":3,"column":16},"end":{"line":3,"column":44}},"3":{"start":{"line":4,"column":21},"end":{"line":4,"column":54}},"4":{"start":{"line":5,"column":20},"end":{"line":5,"column":59}},"5":{"start":{"line":6,"column":36},"end":{"line":6,"column":62}},"6":{"start":{"line":7,"column":101},"end":{"line":7,"column":132}},"7":{"start":{"line":8,"column":35},"end":{"line":8,"column":63}},"8":{"start":{"line":15,"column":0},"end":{"line":187,"column":3}},"9":{"start":{"line":25,"column":19},"end":{"line":25,"column":40}},"10":{"start":{"line":26,"column":4},"end":{"line":28,"column":5}},"11":{"start":{"line":27,"column":8},"end":{"line":27,"column":80}},"12":{"start":{"line":29,"column":4},"end":{"line":29,"column":47}},"13":{"start":{"line":30,"column":4},"end":{"line":30,"column":41}},"14":{"start":{"line":31,"column":4},"end":{"line":186,"column":5}},"15":{"start":{"line":41,"column":12},"end":{"line":41,"column":20}},"16":{"start":{"line":44,"column":8},"end":{"line":49,"column":9}},"17":{"start":{"line":45,"column":12},"end":{"line":48,"column":15}},"18":{"start":{"line":52,"column":8},"end":{"line":57,"column":9}},"19":{"start":{"line":53,"column":12},"end":{"line":56,"column":15}},"20":{"start":{"line":60,"column":29},"end":{"line":60,"column":92}},"21":{"start":{"line":62,"column":8},"end":{"line":67,"column":9}},"22":{"start":{"line":63,"column":12},"end":{"line":66,"column":15}},"23":{"start":{"line":70,"column":8},"end":{"line":75,"column":9}},"24":{"start":{"line":71,"column":12},"end":{"line":74,"column":15}},"25":{"start":{"line":78,"column":28},"end":{"line":89,"column":9}},"26":{"start":{"line":92,"column":24},"end":{"line":92,"column":57}},"27":{"start":{"line":95,"column":8},"end":{"line":98,"column":9}},"28":{"start":{"line":96,"column":12},"end":{"line":96,"column":43}},"29":{"start":{"line":97,"column":12},"end":{"line":97,"column":38}},"30":{"start":{"line":101,"column":8},"end":{"line":111,"column":9}},"31":{"start":{"line":102,"column":12},"end":{"line":108,"column":15}},"32":{"start":{"line":110,"column":12},"end":{"line":110,"column":61}},"33":{"start":{"line":113,"column":8},"end":{"line":171,"column":9}},"34":{"start":{"line":114,"column":28},"end":{"line":114,"column":56}},"35":{"start":{"line":115,"column":44},"end":{"line":115,"column":78}},"36":{"start":{"line":116,"column":28},"end":{"line":116,"column":82}},"37":{"start":{"line":119,"column":12},"end":{"line":122,"column":13}},"38":{"start":{"line":120,"column":32},"end":{"line":120,"column":208}},"39":{"start":{"line":121,"column":16},"end":{"line":121,"column":75}},"40":{"start":{"line":125,"column":36},"end":{"line":125,"column":71}},"41":{"start":{"line":126,"column":12},"end":{"line":129,"column":13}},"42":{"start":{"line":127,"column":38},"end":{"line":127,"column":176}},"43":{"start":{"line":128,"column":16},"end":{"line":128,"column":74}},"44":{"start":{"line":132,"column":35},"end":{"line":132,"column":67}},"45":{"start":{"line":133,"column":12},"end":{"line":142,"column":36}},"46":{"start":{"line":145,"column":36},"end":{"line":145,"column":88}},"47":{"start":{"line":149,"column":12},"end":{"line":167,"column":13}},"48":{"start":{"line":150,"column":29},"end":{"line":150,"column":54}},"49":{"start":{"line":151,"column":34},"end":{"line":151,"column":91}},"50":{"start":{"line":152,"column":39},"end":{"line":152,"column":41}},"51":{"start":{"line":153,"column":16},"end":{"line":155,"column":17}},"52":{"start":{"line":154,"column":20},"end":{"line":154,"column":81}},"53":{"start":{"line":156,"column":16},"end":{"line":164,"column":40}},"54":{"start":{"line":166,"column":16},"end":{"line":166,"column":87}},"55":{"start":{"line":170,"column":12},"end":{"line":170,"column":74}},"56":{"start":{"line":173,"column":8},"end":{"line":177,"column":11}},"57":{"start":{"line":180,"column":8},"end":{"line":180,"column":56}},"58":{"start":{"line":181,"column":8},"end":{"line":185,"column":11}},"59":{"start":{"line":194,"column":0},"end":{"line":361,"column":3}},"60":{"start":{"line":200,"column":19},"end":{"line":200,"column":40}},"61":{"start":{"line":201,"column":4},"end":{"line":203,"column":5}},"62":{"start":{"line":202,"column":8},"end":{"line":202,"column":80}},"63":{"start":{"line":204,"column":4},"end":{"line":204,"column":52}},"64":{"start":{"line":205,"column":4},"end":{"line":205,"column":41}},"65":{"start":{"line":207,"column":4},"end":{"line":360,"column":5}},"66":{"start":{"line":208,"column":29},"end":{"line":208,"column":37}},"67":{"start":{"line":210,"column":8},"end":{"line":215,"column":9}},"68":{"start":{"line":211,"column":12},"end":{"line":214,"column":15}},"69":{"start":{"line":217,"column":29},"end":{"line":217,"column":92}},"70":{"start":{"line":219,"column":8},"end":{"line":224,"column":9}},"71":{"start":{"line":220,"column":12},"end":{"line":223,"column":15}},"72":{"start":{"line":226,"column":36},"end":{"line":226,"column":96}},"73":{"start":{"line":226,"column":57},"end":{"line":226,"column":88}},"74":{"start":{"line":228,"column":8},"end":{"line":233,"column":9}},"75":{"start":{"line":229,"column":12},"end":{"line":232,"column":15}},"76":{"start":{"line":235,"column":26},"end":{"line":235,"column":40}},"77":{"start":{"line":236,"column":23},"end":{"line":236,"column":46}},"78":{"start":{"line":238,"column":8},"end":{"line":246,"column":9}},"79":{"start":{"line":239,"column":28},"end":{"line":239,"column":56}},"80":{"start":{"line":240,"column":28},"end":{"line":240,"column":82}},"81":{"start":{"line":241,"column":12},"end":{"line":243,"column":13}},"82":{"start":{"line":242,"column":16},"end":{"line":242,"column":44}},"83":{"start":{"line":245,"column":12},"end":{"line":245,"column":77}},"84":{"start":{"line":248,"column":32},"end":{"line":248,"column":34}},"85":{"start":{"line":249,"column":8},"end":{"line":265,"column":9}},"86":{"start":{"line":250,"column":32},"end":{"line":261,"column":13}},"87":{"start":{"line":263,"column":28},"end":{"line":263,"column":61}},"88":{"start":{"line":264,"column":12},"end":{"line":264,"column":42}},"89":{"start":{"line":267,"column":8},"end":{"line":270,"column":9}},"90":{"start":{"line":268,"column":12},"end":{"line":268,"column":61}},"91":{"start":{"line":269,"column":12},"end":{"line":269,"column":38}},"92":{"start":{"line":272,"column":8},"end":{"line":282,"column":9}},"93":{"start":{"line":273,"column":12},"end":{"line":279,"column":15}},"94":{"start":{"line":281,"column":12},"end":{"line":281,"column":78}},"95":{"start":{"line":284,"column":8},"end":{"line":345,"column":9}},"96":{"start":{"line":285,"column":28},"end":{"line":285,"column":56}},"97":{"start":{"line":286,"column":44},"end":{"line":286,"column":78}},"98":{"start":{"line":287,"column":28},"end":{"line":287,"column":82}},"99":{"start":{"line":290,"column":12},"end":{"line":293,"column":13}},"100":{"start":{"line":291,"column":32},"end":{"line":291,"column":255}},"101":{"start":{"line":292,"column":16},"end":{"line":292,"column":75}},"102":{"start":{"line":296,"column":36},"end":{"line":296,"column":71}},"103":{"start":{"line":297,"column":12},"end":{"line":300,"column":13}},"104":{"start":{"line":298,"column":38},"end":{"line":298,"column":170}},"105":{"start":{"line":299,"column":16},"end":{"line":299,"column":74}},"106":{"start":{"line":303,"column":35},"end":{"line":303,"column":67}},"107":{"start":{"line":307,"column":12},"end":{"line":341,"column":13}},"108":{"start":{"line":308,"column":31},"end":{"line":308,"column":49}},"109":{"start":{"line":309,"column":16},"end":{"line":318,"column":40}},"110":{"start":{"line":321,"column":40},"end":{"line":321,"column":92}},"111":{"start":{"line":322,"column":16},"end":{"line":340,"column":17}},"112":{"start":{"line":323,"column":33},"end":{"line":323,"column":58}},"113":{"start":{"line":324,"column":38},"end":{"line":324,"column":95}},"114":{"start":{"line":325,"column":43},"end":{"line":325,"column":45}},"115":{"start":{"line":326,"column":20},"end":{"line":328,"column":21}},"116":{"start":{"line":327,"column":24},"end":{"line":327,"column":85}},"117":{"start":{"line":329,"column":20},"end":{"line":337,"column":44}},"118":{"start":{"line":339,"column":20},"end":{"line":339,"column":91}},"119":{"start":{"line":344,"column":12},"end":{"line":344,"column":79}},"120":{"start":{"line":347,"column":8},"end":{"line":351,"column":11}},"121":{"start":{"line":354,"column":8},"end":{"line":354,"column":61}},"122":{"start":{"line":355,"column":8},"end":{"line":359,"column":11}},"123":{"start":{"line":368,"column":0},"end":{"line":437,"column":3}},"124":{"start":{"line":369,"column":4},"end":{"line":436,"column":5}},"125":{"start":{"line":370,"column":26},"end":{"line":370,"column":36}},"126":{"start":{"line":373,"column":8},"end":{"line":378,"column":9}},"127":{"start":{"line":374,"column":12},"end":{"line":377,"column":15}},"128":{"start":{"line":380,"column":27},"end":{"line":383,"column":10}},"129":{"start":{"line":386,"column":20},"end":{"line":386,"column":30}},"130":{"start":{"line":387,"column":22},"end":{"line":387,"column":27}},"131":{"start":{"line":388,"column":8},"end":{"line":414,"column":9}},"132":{"start":{"line":389,"column":12},"end":{"line":413,"column":13}},"133":{"start":{"line":390,"column":16},"end":{"line":412,"column":17}},"134":{"start":{"line":391,"column":36},"end":{"line":391,"column":58}},"135":{"start":{"line":392,"column":48},"end":{"line":392,"column":71}},"136":{"start":{"line":393,"column":43},"end":{"line":393,"column":61}},"137":{"start":{"line":395,"column":28},"end":{"line":395,"column":47}},"138":{"start":{"line":396,"column":20},"end":{"line":400,"column":21}},"139":{"start":{"line":397,"column":24},"end":{"line":397,"column":69}},"140":{"start":{"line":398,"column":27},"end":{"line":400,"column":21}},"141":{"start":{"line":399,"column":24},"end":{"line":399,"column":32}},"142":{"start":{"line":402,"column":40},"end":{"line":402,"column":139}},"143":{"start":{"line":405,"column":20},"end":{"line":409,"column":21}},"144":{"start":{"line":406,"column":24},"end":{"line":406,"column":53}},"145":{"start":{"line":407,"column":24},"end":{"line":407,"column":45}},"146":{"start":{"line":408,"column":24},"end":{"line":408,"column":39}},"147":{"start":{"line":411,"column":20},"end":{"line":411,"column":85}},"148":{"start":{"line":416,"column":8},"end":{"line":422,"column":9}},"149":{"start":{"line":418,"column":12},"end":{"line":421,"column":15}},"150":{"start":{"line":424,"column":8},"end":{"line":428,"column":11}},"151":{"start":{"line":430,"column":8},"end":{"line":430,"column":54}},"152":{"start":{"line":431,"column":8},"end":{"line":435,"column":11}},"153":{"start":{"line":439,"column":0},"end":{"line":439,"column":24}}},"fnMap":{"0":{"name":"(anonymous_0)","decl":{"start":{"line":24,"column":3},"end":{"line":24,"column":4}},"loc":{"start":{"line":24,"column":23},"end":{"line":187,"column":1}},"line":24},"1":{"name":"(anonymous_1)","decl":{"start":{"line":199,"column":3},"end":{"line":199,"column":4}},"loc":{"start":{"line":199,"column":23},"end":{"line":361,"column":1}},"line":199},"2":{"name":"(anonymous_2)","decl":{"start":{"line":226,"column":52},"end":{"line":226,"column":53}},"loc":{"start":{"line":226,"column":57},"end":{"line":226,"column":88}},"line":226},"3":{"name":"(anonymous_3)","decl":{"start":{"line":368,"column":36},"end":{"line":368,"column":37}},"loc":{"start":{"line":368,"column":56},"end":{"line":437,"column":1}},"line":368}},"branchMap":{"0":{"loc":{"start":{"line":26,"column":4},"end":{"line":28,"column":5}},"type":"if","locations":[{"start":{"line":26,"column":4},"end":{"line":28,"column":5}},{"start":{},"end":{}}],"line":26},"1":{"loc":{"start":{"line":44,"column":8},"end":{"line":49,"column":9}},"type":"if","locations":[{"start":{"line":44,"column":8},"end":{"line":49,"column":9}},{"start":{},"end":{}}],"line":44},"2":{"loc":{"start":{"line":52,"column":8},"end":{"line":57,"column":9}},"type":"if","locations":[{"start":{"line":52,"column":8},"end":{"line":57,"column":9}},{"start":{},"end":{}}],"line":52},"3":{"loc":{"start":{"line":52,"column":12},"end":{"line":52,"column":53}},"type":"binary-expr","locations":[{"start":{"line":52,"column":12},"end":{"line":52,"column":17}},{"start":{"line":52,"column":21},"end":{"line":52,"column":26}},{"start":{"line":52,"column":30},"end":{"line":52,"column":39}},{"start":{"line":52,"column":43},"end":{"line":52,"column":53}}],"line":52},"4":{"loc":{"start":{"line":62,"column":8},"end":{"line":67,"column":9}},"type":"if","locations":[{"start":{"line":62,"column":8},"end":{"line":67,"column":9}},{"start":{},"end":{}}],"line":62},"5":{"loc":{"start":{"line":62,"column":12},"end":{"line":62,"column":61}},"type":"binary-expr","locations":[{"start":{"line":62,"column":12},"end":{"line":62,"column":25}},{"start":{"line":62,"column":29},"end":{"line":62,"column":61}}],"line":62},"6":{"loc":{"start":{"line":70,"column":8},"end":{"line":75,"column":9}},"type":"if","locations":[{"start":{"line":70,"column":8},"end":{"line":75,"column":9}},{"start":{},"end":{}}],"line":70},"7":{"loc":{"start":{"line":70,"column":12},"end":{"line":70,"column":100}},"type":"binary-expr","locations":[{"start":{"line":70,"column":12},"end":{"line":70,"column":41}},{"start":{"line":70,"column":45},"end":{"line":70,"column":100}}],"line":70},"8":{"loc":{"start":{"line":84,"column":25},"end":{"line":84,"column":54}},"type":"binary-expr","locations":[{"start":{"line":84,"column":25},"end":{"line":84,"column":36}},{"start":{"line":84,"column":40},"end":{"line":84,"column":54}}],"line":84},"9":{"loc":{"start":{"line":85,"column":23},"end":{"line":85,"column":49}},"type":"binary-expr","locations":[{"start":{"line":85,"column":23},"end":{"line":85,"column":32}},{"start":{"line":85,"column":36},"end":{"line":85,"column":49}}],"line":85},"10":{"loc":{"start":{"line":86,"column":23},"end":{"line":86,"column":38}},"type":"binary-expr","locations":[{"start":{"line":86,"column":23},"end":{"line":86,"column":32}},{"start":{"line":86,"column":36},"end":{"line":86,"column":38}}],"line":86},"11":{"loc":{"start":{"line":87,"column":20},"end":{"line":87,"column":41}},"type":"binary-expr","locations":[{"start":{"line":87,"column":20},"end":{"line":87,"column":26}},{"start":{"line":87,"column":30},"end":{"line":87,"column":41}}],"line":87},"12":{"loc":{"start":{"line":95,"column":8},"end":{"line":98,"column":9}},"type":"if","locations":[{"start":{"line":95,"column":8},"end":{"line":98,"column":9}},{"start":{},"end":{}}],"line":95},"13":{"loc":{"start":{"line":119,"column":12},"end":{"line":122,"column":13}},"type":"if","locations":[{"start":{"line":119,"column":12},"end":{"line":122,"column":13}},{"start":{},"end":{}}],"line":119},"14":{"loc":{"start":{"line":119,"column":16},"end":{"line":119,"column":49}},"type":"binary-expr","locations":[{"start":{"line":119,"column":16},"end":{"line":119,"column":23}},{"start":{"line":119,"column":27},"end":{"line":119,"column":49}}],"line":119},"15":{"loc":{"start":{"line":120,"column":43},"end":{"line":120,"column":72}},"type":"binary-expr","locations":[{"start":{"line":120,"column":43},"end":{"line":120,"column":60}},{"start":{"line":120,"column":64},"end":{"line":120,"column":72}}],"line":120},"16":{"loc":{"start":{"line":126,"column":12},"end":{"line":129,"column":13}},"type":"if","locations":[{"start":{"line":126,"column":12},"end":{"line":129,"column":13}},{"start":{},"end":{}}],"line":126},"17":{"loc":{"start":{"line":127,"column":74},"end":{"line":127,"column":104}},"type":"binary-expr","locations":[{"start":{"line":127,"column":74},"end":{"line":127,"column":92}},{"start":{"line":127,"column":96},"end":{"line":127,"column":104}}],"line":127},"18":{"loc":{"start":{"line":134,"column":22},"end":{"line":134,"column":52}},"type":"binary-expr","locations":[{"start":{"line":134,"column":22},"end":{"line":134,"column":40}},{"start":{"line":134,"column":44},"end":{"line":134,"column":52}}],"line":134},"19":{"loc":{"start":{"line":145,"column":36},"end":{"line":145,"column":88}},"type":"binary-expr","locations":[{"start":{"line":145,"column":36},"end":{"line":145,"column":59}},{"start":{"line":145,"column":63},"end":{"line":145,"column":88}}],"line":145},"20":{"loc":{"start":{"line":153,"column":16},"end":{"line":155,"column":17}},"type":"if","locations":[{"start":{"line":153,"column":16},"end":{"line":155,"column":17}},{"start":{},"end":{}}],"line":153},"21":{"loc":{"start":{"line":160,"column":33},"end":{"line":160,"column":63}},"type":"binary-expr","locations":[{"start":{"line":160,"column":33},"end":{"line":160,"column":51}},{"start":{"line":160,"column":55},"end":{"line":160,"column":63}}],"line":160},"22":{"loc":{"start":{"line":201,"column":4},"end":{"line":203,"column":5}},"type":"if","locations":[{"start":{"line":201,"column":4},"end":{"line":203,"column":5}},{"start":{},"end":{}}],"line":201},"23":{"loc":{"start":{"line":210,"column":8},"end":{"line":215,"column":9}},"type":"if","locations":[{"start":{"line":210,"column":8},"end":{"line":215,"column":9}},{"start":{},"end":{}}],"line":210},"24":{"loc":{"start":{"line":210,"column":12},"end":{"line":210,"column":74}},"type":"binary-expr","locations":[{"start":{"line":210,"column":12},"end":{"line":210,"column":21}},{"start":{"line":210,"column":25},"end":{"line":210,"column":49}},{"start":{"line":210,"column":53},"end":{"line":210,"column":74}}],"line":210},"25":{"loc":{"start":{"line":219,"column":8},"end":{"line":224,"column":9}},"type":"if","locations":[{"start":{"line":219,"column":8},"end":{"line":224,"column":9}},{"start":{},"end":{}}],"line":219},"26":{"loc":{"start":{"line":219,"column":12},"end":{"line":219,"column":61}},"type":"binary-expr","locations":[{"start":{"line":219,"column":12},"end":{"line":219,"column":25}},{"start":{"line":219,"column":29},"end":{"line":219,"column":61}}],"line":219},"27":{"loc":{"start":{"line":228,"column":8},"end":{"line":233,"column":9}},"type":"if","locations":[{"start":{"line":228,"column":8},"end":{"line":233,"column":9}},{"start":{},"end":{}}],"line":228},"28":{"loc":{"start":{"line":241,"column":12},"end":{"line":243,"column":13}},"type":"if","locations":[{"start":{"line":241,"column":12},"end":{"line":243,"column":13}},{"start":{},"end":{}}],"line":241},"29":{"loc":{"start":{"line":241,"column":16},"end":{"line":241,"column":43}},"type":"binary-expr","locations":[{"start":{"line":241,"column":16},"end":{"line":241,"column":23}},{"start":{"line":241,"column":27},"end":{"line":241,"column":43}}],"line":241},"30":{"loc":{"start":{"line":256,"column":29},"end":{"line":256,"column":70}},"type":"binary-expr","locations":[{"start":{"line":256,"column":29},"end":{"line":256,"column":45}},{"start":{"line":256,"column":49},"end":{"line":256,"column":70}}],"line":256},"31":{"loc":{"start":{"line":257,"column":27},"end":{"line":257,"column":58}},"type":"binary-expr","locations":[{"start":{"line":257,"column":27},"end":{"line":257,"column":41}},{"start":{"line":257,"column":45},"end":{"line":257,"column":58}}],"line":257},"32":{"loc":{"start":{"line":258,"column":27},"end":{"line":258,"column":47}},"type":"binary-expr","locations":[{"start":{"line":258,"column":27},"end":{"line":258,"column":41}},{"start":{"line":258,"column":45},"end":{"line":258,"column":47}}],"line":258},"33":{"loc":{"start":{"line":267,"column":8},"end":{"line":270,"column":9}},"type":"if","locations":[{"start":{"line":267,"column":8},"end":{"line":270,"column":9}},{"start":{},"end":{}}],"line":267},"34":{"loc":{"start":{"line":290,"column":12},"end":{"line":293,"column":13}},"type":"if","locations":[{"start":{"line":290,"column":12},"end":{"line":293,"column":13}},{"start":{},"end":{}}],"line":290},"35":{"loc":{"start":{"line":290,"column":16},"end":{"line":290,"column":49}},"type":"binary-expr","locations":[{"start":{"line":290,"column":16},"end":{"line":290,"column":23}},{"start":{"line":290,"column":27},"end":{"line":290,"column":49}}],"line":290},"36":{"loc":{"start":{"line":291,"column":43},"end":{"line":291,"column":72}},"type":"binary-expr","locations":[{"start":{"line":291,"column":43},"end":{"line":291,"column":60}},{"start":{"line":291,"column":64},"end":{"line":291,"column":72}}],"line":291},"37":{"loc":{"start":{"line":297,"column":12},"end":{"line":300,"column":13}},"type":"if","locations":[{"start":{"line":297,"column":12},"end":{"line":300,"column":13}},{"start":{},"end":{}}],"line":297},"38":{"loc":{"start":{"line":298,"column":79},"end":{"line":298,"column":109}},"type":"binary-expr","locations":[{"start":{"line":298,"column":79},"end":{"line":298,"column":97}},{"start":{"line":298,"column":101},"end":{"line":298,"column":109}}],"line":298},"39":{"loc":{"start":{"line":307,"column":12},"end":{"line":341,"column":13}},"type":"if","locations":[{"start":{"line":307,"column":12},"end":{"line":341,"column":13}},{"start":{},"end":{}}],"line":307},"40":{"loc":{"start":{"line":310,"column":26},"end":{"line":310,"column":56}},"type":"binary-expr","locations":[{"start":{"line":310,"column":26},"end":{"line":310,"column":44}},{"start":{"line":310,"column":48},"end":{"line":310,"column":56}}],"line":310},"41":{"loc":{"start":{"line":321,"column":40},"end":{"line":321,"column":92}},"type":"binary-expr","locations":[{"start":{"line":321,"column":40},"end":{"line":321,"column":63}},{"start":{"line":321,"column":67},"end":{"line":321,"column":92}}],"line":321},"42":{"loc":{"start":{"line":326,"column":20},"end":{"line":328,"column":21}},"type":"if","locations":[{"start":{"line":326,"column":20},"end":{"line":328,"column":21}},{"start":{},"end":{}}],"line":326},"43":{"loc":{"start":{"line":333,"column":37},"end":{"line":333,"column":67}},"type":"binary-expr","locations":[{"start":{"line":333,"column":37},"end":{"line":333,"column":55}},{"start":{"line":333,"column":59},"end":{"line":333,"column":67}}],"line":333},"44":{"loc":{"start":{"line":373,"column":8},"end":{"line":378,"column":9}},"type":"if","locations":[{"start":{"line":373,"column":8},"end":{"line":378,"column":9}},{"start":{},"end":{}}],"line":373},"45":{"loc":{"start":{"line":389,"column":12},"end":{"line":413,"column":13}},"type":"if","locations":[{"start":{"line":389,"column":12},"end":{"line":413,"column":13}},{"start":{},"end":{}}],"line":389},"46":{"loc":{"start":{"line":396,"column":20},"end":{"line":400,"column":21}},"type":"if","locations":[{"start":{"line":396,"column":20},"end":{"line":400,"column":21}},{"start":{"line":398,"column":27},"end":{"line":400,"column":21}}],"line":396},"47":{"loc":{"start":{"line":397,"column":28},"end":{"line":397,"column":68}},"type":"cond-expr","locations":[{"start":{"line":397,"column":62},"end":{"line":397,"column":63}},{"start":{"line":397,"column":66},"end":{"line":397,"column":68}}],"line":397},"48":{"loc":{"start":{"line":398,"column":27},"end":{"line":400,"column":21}},"type":"if","locations":[{"start":{"line":398,"column":27},"end":{"line":400,"column":21}},{"start":{},"end":{}}],"line":398},"49":{"loc":{"start":{"line":405,"column":20},"end":{"line":409,"column":21}},"type":"if","locations":[{"start":{"line":405,"column":20},"end":{"line":409,"column":21}},{"start":{},"end":{}}],"line":405},"50":{"loc":{"start":{"line":416,"column":8},"end":{"line":422,"column":9}},"type":"if","locations":[{"start":{"line":416,"column":8},"end":{"line":422,"column":9}},{"start":{},"end":{}}],"line":416}},"s":{"0":1,"1":1,"2":1,"3":1,"4":1,"5":1,"6":1,"7":1,"8":1,"9":2,"10":2,"11":1,"12":1,"13":1,"14":1,"15":1,"16":1,"17":0,"18":1,"19":0,"20":1,"21":1,"22":0,"23":1,"24":0,"25":1,"26":1,"27":1,"28":1,"29":1,"30":1,"31":1,"32":0,"33":1,"34":1,"35":1,"36":1,"37":1,"38":1,"39":1,"40":1,"41":1,"42":0,"43":0,"44":1,"45":1,"46":1,"47":1,"48":1,"49":1,"50":1,"51":1,"52":0,"53":1,"54":0,"55":0,"56":1,"57":0,"58":0,"59":1,"60":0,"61":0,"62":0,"63":0,"64":0,"65":0,"66":0,"67":0,"68":0,"69":0,"70":0,"71":0,"72":0,"73":0,"74":0,"75":0,"76":0,"77":0,"78":0,"79":0,"80":0,"81":0,"82":0,"83":0,"84":0,"85":0,"86":0,"87":0,"88":0,"89":0,"90":0,"91":0,"92":0,"93":0,"94":0,"95":0,"96":0,"97":0,"98":0,"99":0,"100":0,"101":0,"102":0,"103":0,"104":0,"105":0,"106":0,"107":0,"108":0,"109":0,"110":0,"111":0,"112":0,"113":0,"114":0,"115":0,"116":0,"117":0,"118":0,"119":0,"120":0,"121":0,"122":0,"123":1,"124":0,"125":0,"126":0,"127":0,"128":0,"129":0,"130":0,"131":0,"132":0,"133":0,"134":0,"135":0,"136":0,"137":0,"138":0,"139":0,"140":0,"141":0,"142":0,"143":0,"144":0,"145":0,"146":0,"147":0,"148":0,"149":0,"150":0,"151":0,"152":0,"153":1},"f":{"0":2,"1":0,"2":0,"3":0},"b":{"0":[1,1],"1":[0,1],"2":[0,1],"3":[1,1,1,1],"4":[0,1],"5":[1,1],"6":[0,1],"7":[1,1],"8":[1,0],"9":[1,1],"10":[1,1],"11":[1,1],"12":[1,0],"13":[1,0],"14":[1,1],"15":[1,0],"16":[0,1],"17":[0,0],"18":[1,0],"19":[1,0],"20":[0,1],"21":[1,0],"22":[0,0],"23":[0,0],"24":[0,0,0],"25":[0,0],"26":[0,0],"27":[0,0],"28":[0,0],"29":[0,0],"30":[0,0],"31":[0,0],"32":[0,0],"33":[0,0],"34":[0,0],"35":[0,0],"36":[0,0],"37":[0,0],"38":[0,0],"39":[0,0],"40":[0,0],"41":[0,0],"42":[0,0],"43":[0,0],"44":[0,0],"45":[0,0],"46":[0,0],"47":[0,0],"48":[0,0],"49":[0,0],"50":[0,0]},"_coverageSchema":"1a1c01bbd47fc00a2c39e90264f33305004495a9","hash":"04a0b7836ff8d05d4731fb5e682c996e8d35bd3b"}
,"C:\\Users\\Manas Sharma\\Downloads\\flownest-studio (1)\\backend\\routes\\paymentRoutes.js": {"path":"C:\\Users\\Manas Sharma\\Downloads\\flownest-studio (1)\\backend\\routes\\paymentRoutes.js","statementMap":{"0":{"start":{"line":1,"column":16},"end":{"line":1,"column":34}},"1":{"start":{"line":2,"column":15},"end":{"line":2,"column":31}},"2":{"start":{"line":3,"column":17},"end":{"line":3,"column":36}},"3":{"start":{"line":4,"column":15},"end":{"line":4,"column":32}},"4":{"start":{"line":5,"column":20},"end":{"line":5,"column":52}},"5":{"start":{"line":6,"column":21},"end":{"line":6,"column":54}},"6":{"start":{"line":7,"column":18},"end":{"line":7,"column":48}},"7":{"start":{"line":8,"column":35},"end":{"line":8,"column":63}},"8":{"start":{"line":9,"column":20},"end":{"line":9,"column":59}},"9":{"start":{"line":10,"column":36},"end":{"line":10,"column":62}},"10":{"start":{"line":11,"column":49},"end":{"line":11,"column":80}},"11":{"start":{"line":13,"column":24},"end":{"line":13,"column":51}},"12":{"start":{"line":14,"column":28},"end":{"line":14,"column":59}},"13":{"start":{"line":16,"column":0},"end":{"line":18,"column":1}},"14":{"start":{"line":17,"column":4},"end":{"line":17,"column":96}},"15":{"start":{"line":20,"column":17},"end":{"line":23,"column":2}},"16":{"start":{"line":26,"column":29},"end":{"line":111,"column":1}},"17":{"start":{"line":27,"column":19},"end":{"line":27,"column":20}},"18":{"start":{"line":28,"column":17},"end":{"line":28,"column":18}},"19":{"start":{"line":31,"column":4},"end":{"line":58,"column":5}},"20":{"start":{"line":32,"column":8},"end":{"line":32,"column":21}},"21":{"start":{"line":33,"column":11},"end":{"line":58,"column":5}},"22":{"start":{"line":34,"column":8},"end":{"line":34,"column":22}},"23":{"start":{"line":35,"column":11},"end":{"line":58,"column":5}},"24":{"start":{"line":36,"column":8},"end":{"line":36,"column":22}},"25":{"start":{"line":37,"column":11},"end":{"line":58,"column":5}},"26":{"start":{"line":38,"column":8},"end":{"line":38,"column":22}},"27":{"start":{"line":39,"column":11},"end":{"line":58,"column":5}},"28":{"start":{"line":40,"column":8},"end":{"line":40,"column":21}},"29":{"start":{"line":41,"column":11},"end":{"line":58,"column":5}},"30":{"start":{"line":42,"column":8},"end":{"line":42,"column":22}},"31":{"start":{"line":43,"column":11},"end":{"line":58,"column":5}},"32":{"start":{"line":44,"column":8},"end":{"line":44,"column":22}},"33":{"start":{"line":45,"column":11},"end":{"line":58,"column":5}},"34":{"start":{"line":46,"column":8},"end":{"line":46,"column":22}},"35":{"start":{"line":49,"column":22},"end":{"line":49,"column":69}},"36":{"start":{"line":50,"column":8},"end":{"line":57,"column":9}},"37":{"start":{"line":51,"column":12},"end":{"line":51,"column":46}},"38":{"start":{"line":54,"column":12},"end":{"line":56,"column":71}},"39":{"start":{"line":54,"column":47},"en
[...]
"end":{"line":14,"column":1}},{"start":{},"end":{}}],"line":7},"1":{"loc":{"start":{"line":57,"column":18},"end":{"line":61,"column":22}},"type":"cond-expr","locations":[{"start":{"line":57,"column":28},"end":{"line":61,"column":17}},{"start":{"line":61,"column":20},"end":{"line":61,"column":22}}],"line":57},"2":{"loc":{"start":{"line":59,"column":196},"end":{"line":59,"column":224}},"type":"binary-expr","locations":[{"start":{"line":59,"column":196},"end":{"line":59,"column":203}},{"start":{"line":59,"column":207},"end":{"line":59,"column":224}}],"line":59},"3":{"loc":{"start":{"line":80,"column":4},"end":{"line":80,"column":47}},"type":"if","locations":[{"start":{"line":80,"column":4},"end":{"line":80,"column":47}},{"start":{},"end":{}}],"line":80},"4":{"loc":{"start":{"line":80,"column":8},"end":{"line":80,"column":38}},"type":"binary-expr","locations":[{"start":{"line":80,"column":8},"end":{"line":80,"column":15}},{"start":{"line":80,"column":19},"end":{"line":80,"column":38}}],"line":80},"5":{"loc":{"start":{"line":88,"column":17},"end":{"line":88,"column":49}},"type":"binary-expr","locations":[{"start":{"line":88,"column":17},"end":{"line":88,"column":20}},{"start":{"line":88,"column":24},"end":{"line":88,"column":49}}],"line":88},"6":{"loc":{"start":{"line":89,"column":18},"end":{"line":89,"column":38}},"type":"binary-expr","locations":[{"start":{"line":89,"column":18},"end":{"line":89,"column":21}},{"start":{"line":89,"column":25},"end":{"line":89,"column":38}}],"line":89},"7":{"loc":{"start":{"line":93,"column":22},"end":{"line":93,"column":54}},"type":"binary-expr","locations":[{"start":{"line":93,"column":22},"end":{"line":93,"column":25}},{"start":{"line":93,"column":29},"end":{"line":93,"column":54}}],"line":93},"8":{"loc":{"start":{"line":98,"column":21},"end":{"line":98,"column":41}},"type":"binary-expr","locations":[{"start":{"line":98,"column":21},"end":{"line":98,"column":24}},{"start":{"line":98,"column":28},"end":{"line":98,"column":41}}],"line":98},"9":{"loc":{"start":{"line":108,"column":8},"end":{"line":121,"column":9}},"type":"if","locations":[{"start":{"line":108,"column":8},"end":{"line":121,"column":9}},{"start":{},"end":{}}],"line":108},"10":{"loc":{"start":{"line":111,"column":16},"end":{"line":116,"column":17}},"type":"if","locations":[{"start":{"line":111,"column":16},"end":{"line":116,"column":17}},{"start":{},"end":{}}],"line":111},"11":{"loc":{"start":{"line":113,"column":20},"end":{"line":115,"column":21}},"type":"if","locations":[{"start":{"line":113,"column":20},"end":{"line":115,"column":21}},{"start":{},"end":{}}],"line":113},"12":{"loc":{"start":{"line":113,"column":24},"end":{"line":113,"column":135}},"type":"binary-expr","locations":[{"start":{"line":113,"column":24},"end":{"line":113,"column":81}},{"start":{"line":113,"column":85},"end":{"line":113,"column":135}}],"line":113},"13":{"loc":{"start":{"line":130,"column":34},"end":{"line":130,"column":50}},"type":"binary-expr","locations":[{"start":{"line":130,"column":34},"end":{"line":130,"column":38}},{"start":{"line":130,"column":42},"end":{"line":130,"column":50}}],"line":130},"14":{"loc":{"start":{"line":148,"column":25},"end":{"line":148,"column":35}},"type":"binary-expr","locations":[{"start":{"line":148,"column":25},"end":{"line":148,"column":29}},{"start":{"line":148,"column":33},"end":{"line":148,"column":35}}],"line":148},"15":{"loc":{"start":{"line":170,"column":34},"end":{"line":170,"column":44}},"type":"binary-expr","locations":[{"start":{"line":170,"column":34},"end":{"line":170,"column":38}},{"start":{"line":170,"column":42},"end":{"line":170,"column":44}}],"line":170},"16":{"loc":{"start":{"line":177,"column":18},"end":{"line":177,"column":206}},"type":"cond-expr","locations":[{"start":{"line":177,"column":35},"end":{"line":177,"column":201}},{"start":{"line":177,"column":204},"end":{"line":177,"column":206}}],"line":177},"17":{"loc":{"start":{"line":181,"column":20},"end":{"line":181,"column":67}},"type":"binary-expr","locations":[{"start":{"line":181,"column":20},"end":{"line":181,"column":28}},{"start":{"line":181,"column":32},"end":{"line":181,"column":67}}],"line":181},"18":{"loc":{"start":{"line":195,"column":31},"end":{"line":195,"column":61}},"type":"binary-expr","locations":[{"start":{"line":195,"column":31},"end":{"line":195,"column":45}},{"start":{"line":195,"column":49},"end":{"line":195,"column":61}}],"line":195},"19":{"loc":{"start":{"line":218,"column":34},"end":{"line":218,"column":44}},"type":"binary-expr","locations":[{"start":{"line":218,"column":34},"end":{"line":218,"column":38}},{"start":{"line":218,"column":42},"end":{"line":218,"column":44}}],"line":218},"20":{"loc":{"start":{"line":236,"column":87},"end":{"line":236,"column":112}},"type":"cond-expr","locations":[{"start":{"line":236,"column":104},"end":{"line":236,"column":107}},{"start":{"line":236,"column":110},"end":{"line":236,"column":112}}],"line":236},"21":{"loc":{"start":{"line":237,"column":34},"end":{"line":237,"column":44}},"type":"binary-expr","locations":[{"start":{"line":237,"column":34},"end":{"line":237,"column":38}},{"start":{"line":237,"column":42},"end":{"line":237,"column":44}}],"line":237},"22":{"loc":{"start":{"line":244,"column":18},"end":{"line":244,"column":206}},"type":"cond-expr","locations":[{"start":{"line":244,"column":35},"end":{"line":244,"column":201}},{"start":{"line":244,"column":204},"end":{"line":244,"column":206}}],"line":244},"23":{"loc":{"start":{"line":249,"column":20},"end":{"line":249,"column":67}},"type":"binary-expr","locations":[{"start":{"line":249,"column":20},"end":{"line":249,"column":28}},{"start":{"line":249,"column":32},"end":{"line":249,"column":67}}],"line":249},"24":{"loc":{"start":{"line":253,"column":104},"end":{"line":253,"column":129}},"type":"cond-expr","locations":[{"start":{"line":253,"column":121},"end":{"line":253,"column":124}},{"start":{"line":253,"column":127},"end":{"line":253,"column":129}}],"line":253}},"s":{"0":1,"1":1,"2":1,"3":1,"4":0,"5":0,"6":0,"7":0,"8":1,"9":1,"10":1,"11":1,"12":1,"13":0,"14":0,"15":0,"16":1,"17":0,"18":0,"19":0,"20":1,"21":2,"22":2,"23":1,"24":2,"25":2,"26":0,"27":0,"28":0,"29":0,"30":0,"31":0,"32":0,"33":0,"34":0,"35":0,"36":0,"37":0,"38":0,"39":1,"40":0,"41":0,"42":0,"43":0,"44":0,"45":0,"46":0,"47":1,"48":0,"49":0,"50":0,"51":0,"52":0,"53":0,"54":0,"55":1,"56":1,"57":1,"58":1,"59":1,"60":1,"61":1,"62":0,"63":1,"64":1,"65":1,"66":1,"67":1,"68":1,"69":1,"70":0,"71":1,"72":0,"73":0,"74":0,"75":0,"76":0,"77":0,"78":0,"79":1,"80":0,"81":0,"82":0,"83":0,"84":0,"85":0,"86":0,"87":1},"f":{"0":1,"1":0,"2":0,"3":2,"4":2,"5":0,"6":0,"7":0,"8":1,"9":1,"10":0,"11":0},"b":{"0":[0,1],"1":[2,0],"2":[2,0],"3":[2,0],"4":[2,2],"5":[0,0],"6":[0,0],"7":[0,0],"8":[0,0],"9":[0,0],"10":[0,0],"11":[0,0],"12":[0,0],"13":[0,0],"14":[0,0],"15":[1,0],"16":[1,0],"17":[1,0],"18":[1,0],"19":[0,0],"20":[0,0],"21":[0,0],"22":[0,0],"23":[0,0],"24":[0,0]},"_coverageSchema":"1a1c01bbd47fc00a2c39e90264f33305004495a9","hash":"db66412b72ce8646152f4457bcd4af9ae83108f4"}
,"C:\\Users\\Manas Sharma\\Downloads\\flownest-studio (1)\\backend\\utils\\emailSender.js": {"path":"C:\\Users\\Manas Sharma\\Downloads\\flownest-studio (1)\\backend\\utils\\emailSender.js","statementMap":{"0":{"start":{"line":1,"column":19},"end":{"line":1,"column":40}},"1":{"start":{"line":6,"column":25},"end":{"line":37,"column":1}},"2":{"start":{"line":7,"column":4},"end":{"line":36,"column":5}},"3":{"start":{"line":9,"column":28},"end":{"line":20,"column":10}},"4":{"start":{"line":22,"column":28},"end":{"line":27,"column":9}},"5":{"start":{"line":29,"column":21},"end":{"line":29,"column":60}},"6":{"start":{"line":30,"column":8},"end":{"line":30,"column":54}},"7":{"start":{"line":31,"column":8},"end":{"line":31,"column":20}},"8":{"start":{"line":33,"column":8},"end":{"line":33,"column":50}},"9":{"start":{"line":35,"column":8},"end":{"line":35,"column":20}},"10":{"start":{"line":39,"column":25},"end":{"line":54,"column":1}},"11":{"start":{"line":40,"column":4},"end":{"line":53,"column":7}},"12":{"start":{"line":56,"column":26},"end":{"line":75,"column":1}},"13":{"start":{"line":57,"column":4},"end":{"line":74,"column":7}},"14":{"start":{"line":77,"column":0},"end":{"line":81,"column":2}}},"fnMap":{"0":{"name":"(anonymous_0)","decl":{"start":{"line":6,"column":25},"end":{"line":6,"column":26}},"loc":{"start":{"line":6,"column":58},"end":{"line":37,"column":1}},"line":6},"1":{"name":"(anonymous_1)","decl":{"start":{"line":39,"column":25},"end":{"line":39,"column":26}},"loc":{"start":{"line":39,"column":45},"end":{"line":54,"column":1}},"line":39},"2":{"name":"(anonymous_2)","decl":{"start":{"line":56,"column":26},"end":{"line":56,"column":27}},"loc":{"start":{"line":56,"column":85},"end":{"line":75,"column":1}},"line":56}},"branchMap":{"0":{"loc":{"start":{"line":10,"column":18},"end":{"line":10,"column":59}},"type":"binary-expr","locations":[{"start":{"line":10,"column":18},"end":{"line":10,"column":39}},{"start":{"line":10,"column":43},"end":{"line":10,"column":59}}],"line":10},"1":{"loc":{"start":{"line":11,"column":18},"end":{"line":11,"column":46}},"type":"binary-expr","locations":[{"start":{"line":11,"column":18},"end":{"line":11,"column":39}},{"start":{"line":11,"column":43},"end":{"line":11,"column":46}}],"line":11}},"s":{"0":1,"1":1,"2":0,"3":0,"4":0,"5":0,"6":0,"7":0,"8":0,"9":0,"10":1,"11":0,"12":1,"13":0,"14":1},"f":{"0":0,"1":0,"2":0},"b":{"0":[0,0],"1":[0,0]},"_coverageSchema":"1a1c01bbd47fc00a2c39e90264f33305004495a9","hash":"00eedf12f37a895e6f677ada079bd0a8f959e949"}
,"C:\\Users\\Manas Sharma\\Downloads\\flownest-studio (1)\\backend\\utils\\mailer.js": {"path":"C:\\Users\\Manas Sharma\\Downloads\\flownest-studio (1)\\backend\\utils\\mailer.js","statementMap":{"0":{"start":{"line":1,"column":19},"end":{"line":1,"column":40}},"1":{"start":{"line":2,"column":15},"end":{"line":2,"column":32}},"2":{"start":{"line":4,"column":0},"end":{"line":4,"column":16}},"3":{"start":{"line":16,"column":19},"end":{"line":24,"column":1}},"4":{"start":{"line":26,"column":27},"end":{"line":26,"column":145}},"5":{"start":{"line":27,"column":27},"end":{"line":27,"column":145}},"6":{"start":{"line":28,"column":32},"end":{"line":28,"column":155}},"7":{"start":{"line":30,"column":19},"end":{"line":30,"column":21}},"8":{"start":{"line":31,"column":19},"end":{"line":31,"column":24}},"9":{"start":{"line":33,"column":21},"end":{"line":40,"column":1}},"10":{"start":{"line":34,"column":4},"end":{"line":34,"column":56}},"11":{"start":{"line":34,"column":49},"end":{"line":34,"column":56}},"12":{"start":{"line":35,"column":4},"end":{"line":35,"column":24}},"13":{"start":{"line":36,"column":17},"end":{"line":36,"column":35}},"14":{"start":{"line":37,"column":4},"end":{"line":37,"column":87}},"15":{"start":{"line":37,"column":10},"end":{"line":37,"column":23}},"16":{"start":{"line":37,"column":42},"end":{"line":37,"column":85}},"17":{"start":{"line":38,"column":4},"end":{"line":38,"column":25}},"18":{"start":{"line":39,"column":4},"end":{"line":39,"column":19}},"19":{"start":{"line":42,"column":19},"end":{"line":45,"column":1}},"20":{"start":{"line":43,"column":4},"end":{"line":43,"column":31}},"21":{"start":{"line":44,"column":4},"end":{"line":44,"column":19}},"22":{"start":{"line":47,"column":27},"end":{"line":56,"column":1}},"23":{"start":{"line":48,"column":4},"end":{"line":55,"column":5}},"24":{"start":{"line":48,"column":17},"end":{"line":48,"column":18}},"25":{"start":{"line":49,"column":8},"end":{"line":54,"column":9}},"26":{"start":{"line":50,"column":12},"end":{"line":50,"column":59}},"27":{"start":{"line":52,"column":12},"end":{"line":52,"column":47}},"28":{"start":{"line":52,"column":35},"end":{"line":52,"column":47}},"29":{"start":{"line":53,"column":12},"end":{"line":53,"column":56}},"30":{"start":{"line":53,"column":35},"end":{"line":53,"column":54}},"31":{"start":{"line":61,"column":25},"end":{"line":92,"column":1}},"32":{"start":{"line":62,"column":4},"end":{"line":91,"column":7}},"33":{"start":{"line":63,"column":29},"end":{"line":82,"column":9}},"34":{"start":{"line":83,"column":26},"end":{"line":88,"column":9}},"35":{"start":{"line":89,"column":8},"end":{"line":89,"column":67}},"36":{"start":{"line":90,"column":8},"end":{"line":90,"column":64}},"37":{"start":{"line":97,"column":32},"end":{"line":123,"column":1}},"38":{"start":{"line":98,"column":67},"end":{"line":98,"column":81}},"39":{"start":{"line":99,"column":4},"end":{"line":122,"column":7}},"40":{"start":{"line":100,"column":29},"end":{"line":113,"column":9}},"41":{"start":{"line":114,"column":26},"end":{"line":119,"column":9}},"42":{"start":{"line":120,"column":8},"end":{"line":120,"column":67}},"43":{"start":{"line":121,"column":8},"end":{"line":121,"column":64}},"44":{"start":{"line":128,"column":32},"end":{"line":152,"column":1}},"45":{"start":{"line":129,"column":58},"end":{"line":129,"column":72}},"46":{"start":{"line":130,"column":4},"end":{"line":151,"column":7}},"47":{"start":{"line":131,"column":29},"end":{"line":142,"column":9}},"48":{"start":{"line":143,"column":26},"end":{"line":148,"column":9}},"49":{"start":{"line":149,"column":8},"end":{"line":149,"column":67}},"50":{"start":{"line":150,"column":8},"end":{"line":150,"column":64}},"51":{"start":{"line":157,"column":26},"end":{"line":175,"column":1}},"52":{"start":{"line":158,"column":52},"end":{"line":158,"column":66}},"53":{"start":{"line":159,"column":4},"end":{"line":174,"column":7}},"54":{"start":{"line":160,"column":29},"end":{"line":165,"column":9}},"55":{"start":{"line":166,"column":26},"end":{"line":171,"column":9}},"56":{"start":{"line":172,"column":8},"end":{"line":172,"column":72}},"57":{"start":{"line":173,"column":8},"end":{"line":173,"column":69}},"58":{"start":{"line":177,"column":0},"end":{"line":182,"column":2}}},"fnMap":{"0":{"name":"(anonymous_0)","decl":{"start":{"line":33,"column":21},"end":{"line":33,"column":22}},"loc":{"start":{"line":33,"column":33},"end":{"line":40,"column":1}},"line":33},"1":{"name":"(anonymous_1)","decl":{"start":{"line":42,"column":19},"end":{"line":42,"column":20}},"loc":{"start":{"line":42,"column":34},"end":{"line":45,"column":1}},"line":42},"2":{"name":"(anonymous_2)","decl":{"start":{"line":47,"column":27},"end":{"line":47,"column":28}},"loc":{"start":{"line":47,"column":76},"end":{"line":56,"column":1}},"line":47},"3":{"name":"(anonymous_3)","decl":{"start":{"line":53,"column":30},"end":{"line":53,"column":31}},"loc":{"start":{"line":53,"column":35},"end":{"line":53,"column":54}},"line":53},"4":{"name":"(anonymous_4)","decl":{"start":{"line":61,"column":25},"end":{"line":61,"column":26}},"loc":{"start":{"line":61,"column":64},"end":{"line":92,"column":1}},"line":61},"5":{"name":"(anonymous_5)","decl":{"start":{"line":62,"column":15},"end":{"line":62,"column":16}},"loc":{"start":{"line":62,"column":27},"end":{"line":91,"column":5}},"line":62},"6":{"name":"(anonymous_6)","decl":{"start":{"line":97,"column":32},"end":{"line":97,"column":33}},"loc":{"start":{"line":97,"column":73},"end":{"line":123,"column":1}},"line":97},"7":{"name":"(anonymous_7)","decl":{"start":{"line":99,"column":15},"end":{"line":99,"column":16}},"loc":{"start":{"line":99,"column":27},"end":{"line":122,"column":5}},"line":99},"8":{"name":"(anonymous_8)","decl":{"start":{"line":128,"column":32},"end":{"line":128,"column":33}},"loc":{"start":{"line":128,"column":73},"end":{"line":152,"column":1}},"line":128},"9":{"name":"(anonymous_9)","decl":{"start":{"line":130,"column":15},"end":{"line":130,"column":16}},"loc":{"start":{"line":130,"column":27},"end":{"line":151,"column":5}},"line":130},"10":{"name":"(anonymous_10)","decl":{"start":{"line":157,"column":26},"end":{"line":157,"column":27}},"loc":{"start":{"line":157,"column":80},"end":{"line":175,"column":1}},"line":157},"11":{"name":"(anonymous_11)","decl":{"start":{"line":159,"column":15},"end":{"line":159,"column":16}},"loc":{"start":{"line":159,"column":27},"end":{"line":174,"column":5}},"line":159}},"branchMap":{"0":{"loc":{"start":{"line":34,"column":4},"end":{"line":34,"column":56}},"type":"if","locations":[{"start":{"line":34,"column":4},"end":{"line":34,"column":56}},{"start":{},"end":{}}],"line":34},"1":{"loc":{"start":{"line":34,"column":8},"end":{"line":34,"column":47}},"type":"binary-expr","locations":[{"start":{"line":34,"column":8},"end":{"line":34,"column":20}},{"start":{"line":34,"column":24},"end":{"line":34,"column":47}}],"line":34},"2":{"loc":{"start":{"line":47,"column":60},"end":{"line":47,"column":71}},"type":"default-arg","locations":[{"start":{"line":47,"column":70},"end":{"line":47,"column":71}}],"line":47},"3":{"loc":{"start":{"line":52,"column":12},"end":{"line":52,"column":47}},"type":"if","locations":[{"start":{"line":52,"column":12},"end":{"line":52,"column":47}},{"start":{},"end":{}}],"line":52}},"s":{"0":2,"1":2,"2":2,"3":2,"4":2,"5":2,"6":2,"7":2,"8":2,"9":2,"10":9,"11":4,"12":5,"13":5,"14":5,"15":5,"16":0,"17":4,"18":4,"19":2,"20":5,"21":5,"22":2,"23":9,"24":9,"25":9,"26":9,"27":0,"28":0,"29":0,"30":0,"31":2,"32":1,"33":1,"34":1,"35":1,"36":1,"37":2,"38":1,"39":1,"40":1,"41":1,"42":1,"43":1,"44":2,"45":2,"46":2,"47":2,"48":2,"49":2,"50":1,"51":2,"52":1,"53":1,"54":1,"55":1,"56":1,"57":1,"58":2},"f":{"0":9,"1":5,"2":9,"3":0,"4":1,"5":1,"6":1,"7":1,"8":2,"9":2,"10":1,"11":1},"b":{"0":[4,5],"1":[9,9],"2":[9],"3":[0,0]},"_coverageSchema":"1a1c01bbd47fc00a2c39e90264f33305004495a9","hash":"48cf7b362e8ef8529d70fb83ab541825865f4842"}
,"C:\\Users\\Manas Sharma\\Downloads\\flownest-studio (1)\\backend\\utils\\whatsappSender.js": {"path":"C:\\Users\\Manas Sharma\\Downloads\\flownest-studio (1)\\backend\\utils\\whatsappSender.js","statementMap":{"0":{"start":{"line":1,"column":14},"end":{"line":1,"column":30}},"1":{"start":{"line":3,"column":28},"end":{"line":42,"column":1}},"2":{"start":{"line":4,"column":4},"end":{"line":41,"column":5}},"3":{"start":{"line":5,"column":22},"end":{"line":5,"column":48}},"4":{"start":{"line":6,"column":24},"end":{"line":6,"column":53}},"5":{"start":{"line":8,"column":8},"end":{"line":11,"column":9}},"6":{"start":{"line":9,"column":12},"end":{"line":9,"column":84}},"7":{"start":{"line":10,"column":12},"end":{"line":10,"column":19}},"8":{"start":{"line":13,"column":20},"end":{"line":13,"column":74}},"9":{"start":{"line":16,"column":28},"end":{"line":16,"column":49}},"10":{"start":{"line":18,"column":24},"end":{"line":27,"column":9}},"11":{"start":{"line":29,"column":25},"end":{"line":34,"column":10}},"12":{"start":{"line":36,"column":8},"end":{"line":36,"column":96}},"13":{"start":{"line":37,"column":8},"end":{"line":37,"column":20}},"14":{"start":{"line":39,"column":8},"end":{"line":39,"column":100}},"15":{"start":{"line":40,"column":8},"end":{"line":40,"column":21}},"16":{"start":{"line":44,"column":0},"end":{"line":44,"column":41}}},"fnMap":{"0":{"name":"(anonymous_0)","decl":{"start":{"line":3,"column":28},"end":{"line":3,"column":29}},"loc":{"start":{"line":3,"column":55},"end":{"line":42,"column":1}},"line":3}},"branchMap":{"0":{"loc":{"start":{"line":8,"column":8},"end":{"line":11,"column":9}},"type":"if","locations":[{"start":{"line":8,"column":8},"end":{"line":11,"column":9}},{"start":{},"end":{}}],"line":8},"1":{"loc":{"start":{"line":8,"column":12},"end":{"line":8,"column":30}},"type":"binary-expr","locations":[{"start":{"line":8,"column":12},"end":{"line":8,"column":18}},{"start":{"line":8,"column":22},"end":{"line":8,"column":30}}],"line":8},"2":{"loc":{"start":{"line":39,"column":46},"end":{"line":39,"column":98}},"type":"cond-expr","locations":[{"start":{"line":39,"column":63},"end":{"line":39,"column":82}},{"start":{"line":39,"column":85},"end":{"line":39,"column":98}}],"line":39}},"s":{"0":1,"1":1,"2":1,"3":1,"4":1,"5":1,"6":1,"7":1,"8":0,"9":0,"10":0,"11":0,"12":0,"13":0,"14":0,"15":0,"16":1},"f":{"0":1},"b":{"0":[1,0],"1":[1,0],"2":[0,0]},"_coverageSchema":"1a1c01bbd47fc00a2c39e90264f33305004495a9","hash":"df1d743c86f1865e4b96c29ad5ebce66b1a7574d"}
}
