TN:
SF:server.js
FN:15,(anonymous_0)
FN:48,(anonymous_1)
FN:97,(anonymous_2)
FN:127,(anonymous_3)
FN:129,(anonymous_4)
FN:139,(anonymous_5)
FN:167,(anonymous_6)
FN:181,(anonymous_7)
FN:187,(anonymous_8)
FN:191,(anonymous_9)
FN:195,(anonymous_10)
FNF:11
FNH:6
FNDA:0,(anonymous_0)
FNDA:1,(anonymous_1)
FNDA:4,(anonymous_2)
FNDA:4,(anonymous_3)
FNDA:4,(anonymous_4)
FNDA:4,(anonymous_5)
FNDA:1,(anonymous_6)
FNDA:0,(anonymous_7)
FNDA:0,(anonymous_8)
FNDA:0,(anonymous_9)
FNDA:0,(anonymous_10)
DA:1,1
DA:2,1
DA:3,1
DA:4,1
DA:7,1
DA:9,1
DA:10,0
DA:11,0
DA:12,0
DA:13,0
DA:15,0
DA:16,0
DA:17,0
DA:23,1
DA:24,1
DA:25,1
DA:26,1
DA:27,1
DA:28,1
DA:29,1
DA:30,1
DA:31,1
DA:32,1
DA:33,1
DA:36,1
DA:39,1
DA:40,1
DA:41,1
DA:42,1
DA:43,1
DA:44,1
DA:45,1
DA:48,1
DA:50,1
DA:51,1
DA:54,1
DA:55,1
DA:56,1
DA:65,1
DA:66,0
DA:69,0
DA:74,1
DA:75,1
DA:76,1
DA:77,1
DA:78,1
DA:79,1
DA:81,1
DA:84,1
DA:96,1
DA:98,4
DA:99,0
DA:100,0
DA:101,0
DA:108,1
DA:111,1
DA:112,1
DA:113,1
DA:116,1
DA:123,1
DA:124,1
DA:127,1
DA:128,4
DA:129,4
DA:130,4
DA:131,4
DA:132,0
DA:135,4
DA:139,1
DA:140,4
DA:141,0
DA:143,4
DA:147,1
DA:150,1
DA:153,1
DA:156,1
DA:159,1
DA:160,1
DA:161,1
DA:162,1
DA:163,1
DA:164,1
DA:167,1
DA:168,1
DA:175,1
DA:177,1
DA:180,1
DA:181,0
DA:182,0
DA:187,1
DA:188,0
DA:189,0
DA:191,0
DA:195,1
DA:196,0
DA:197,0
DA:198,0
DA:202,1
LF:98
LH:76
BRDA:9,0,0,0
BRDA:9,0,1,1
BRDA:9,1,0,1
BRDA:9,1,1,1
BRDA:65,2,0,0
BRDA:65,2,1,1
BRDA:98,3,0,4
BRDA:98,3,1,0
BRDA:99,4,0,0
BRDA:99,4,1,0
BRDA:100,5,0,0
BRDA:100,5,1,0
BRDA:100,6,0,0
BRDA:100,6,1,0
BRDA:131,7,0,0
BRDA:131,7,1,4
BRDA:140,8,0,0
BRDA:140,8,1,4
BRDA:140,9,0,4
BRDA:140,9,1,1
BRDA:177,10,0,1
BRDA:177,10,1,0
BRDA:180,11,0,0
BRDA:180,11,1,1
BRF:24
BRH:11
end_of_record
TN:
SF:config\firebaseAdmin.js
FN:26,(anonymous_0)
FNF:1
FNH:1
FNDA:1,(anonymous_0)
DA:5,1
DA:6,1
DA:7,1
DA:10,1
DA:24,1
DA:26,1
DA:27,1
DA:29,1
DA:30,1
DA:31,1
DA:32,1
DA:35,0
DA:38,0
DA:39,0
DA:40,0
DA:41,0
DA:44,0
DA:45,0
DA:47,0
DA:52,0
DA:53,0
DA:54,0
DA:55,0
DA:56,0
DA:57,0
DA:58,0
DA:59,0
DA:60,0
DA:62,0
DA:65,0
DA:71,0
DA:72,0
DA:73,0
DA:76,0
DA:77,0
DA:78,0
DA:80,0
DA:82,0
DA:85,1
LF:39
LH:12
BRDA:27,0,0,0
BRDA:27,0,1,1
BRDA:30,1,0,1
BRDA:30,1,1,0
BRDA:39,2,0,0
BRDA:39,2,1,0
BRDA:41,3,0,0
BRDA:41,3,1,0
BRDA:52,4,0,0
BRDA:52,4,1,0
BRDA:54,5,0,0
BRDA:54,5,1,0
BRDA:55,6,0,0
BRDA:55,6,1,0
BRDA:56,7,0,0
BRDA:56,7,1,0
BRDA:71,8,0,0
BRDA:71,8,1,0
BRF:18
BRH:2
end_of_record
TN:
SF:middleware\errorMiddleware.js
FN:1,(anonymous_0)
FN:22,(anonymous_1)
FNF:2
FNH:0
FNDA:0,(anonymous_0)
FNDA:0,(anonymous_1)
DA:1,1
DA:2,0
DA:3,0
DA:6,0
DA:9,0
DA:10,0
DA:11,0
DA:15,0
DA:16,0
DA:17,0
DA:21,0
DA:22,0
DA:23,0
DA:26,0
DA:32,1
LF:15
LH:2
BRDA:9,0,0,0
BRDA:9,0,1,0
BRDA:15,1,0,0
BRDA:15,1,1,0
BRDA:21,2,0,0
BRDA:21,2,1,0
BRDA:26,3,0,0
BRDA:26,3,1,0
BRDA:28,4,0,0
BRDA:28,4,1,0
BRF:10
BRH:0
end_of_record
TN:
SF:models\Booking.js
FNF:0
FNH:0
DA:1,1
DA:2,1
DA:4,1
DA:68,1
LF:4
LH:4
BRF:0
BRH:0
end_of_record
TN:
SF:models\Transaction.js
FNF:0
FNH:0
DA:1,1
DA:2,1
DA:4,1
DA:41,1
LF:4
LH:4
BRF:0
BRH:0
end_of_record
TN:
SF:models\User.js
FNF:0
FNH:0
DA:1,1
DA:2,1
DA:4,1
DA:32,1
LF:4
LH:4
BRF:0
BRH:0
end_of_record
TN:
SF:routes\adminRoutes.js
FN:11,(anonymous_0)
FN:39,(anonymous_1)
FN:64,(anonymous_2)
FN:72,(anonymous_3)
FN:81,(anonymous_4)
FN:90,(anonymous_5)
FN:92,(anonymous_6)
FN:111,(anonymous_7)
FN:115,(anonymous_8)
FN:141,(anonymous_9)
FN:145,(anonymous_10)
FN:170,(anonymous_11)
FN:188,(anonymous_12)
FN:241,(anonymous_13)
FN:294,(anonymous_14)
FNF:15
FNH:0
FNDA:0,(anonymous_0)
FNDA:0,(anonymous_1)
FNDA:0,(anonymous_2)
FNDA:0,(anonymous_3)
FNDA:0,(anonymous_4)
FNDA:0,(anonymous_5)
FNDA:0,(anonymous_6)
FNDA:0,(anonymous_7)
FNDA:0,(anonymous_8)
FNDA:0,(anonymous_9)
FNDA:0,(anonymous_10)
FNDA:0,(anonymous_11)
FNDA:0,(anonymous_12)
FNDA:0,(anonymous_13)
FNDA:0,(anonymous_14)
DA:1,1
DA:2,1
DA:3,1
DA:4,1
DA:5,1
DA:6,1
DA:7,1
DA:8,1
DA:11,1
DA:13,0
DA:14,0
DA:15,0
DA:17,0
DA:19,0
DA:20,0
DA:21,0
DA:23,0
DA:26,0
DA:27,0
DA:30,0
DA:39,1
DA:40,0
DA:43,0
DA:44,0
DA:46,0
DA:48,0
DA:53,0
DA:55,0
DA:64,1
DA:65,0
DA:66,0
DA:71,0
DA:72,0
DA:73,0
DA:74,0
DA:75,0
DA:76,0
DA:79,0
DA:81,0
DA:82,0
DA:83,0
DA:84,0
DA:85,0
DA:86,0
DA:90,0
DA:91,0
DA:92,0
DA:93,0
DA:111,0
DA:112,0
DA:113,0
DA:114,0
DA:115,0
DA:116,0
DA:135,0
DA:136,0
DA:137,0
DA:139,0
DA:140,0
DA:141,0
DA:142,0
DA:143,0
DA:144,0
DA:145,0
DA:146,0
DA:163,0
DA:166,0
DA:170,0
DA:171,0
DA:172,0
DA:173,0
DA:176,0
DA:178,0
DA:179,0
DA:188,1
DA:189,0
DA:190,0
DA:191,0
DA:193,0
DA:194,0
DA:195,0
DA:196,0
DA:210,0
DA:211,0
DA:214,0
DA:217,0
DA:222,0
DA:231,0
DA:232,0
DA:241,1
DA:242,0
DA:243,0
DA:245,0
DA:246,0
DA:249,0
DA:251,0
DA:252,0
DA:255,0
DA:256,0
DA:259,0
DA:260,0
DA:278,0
DA:281,0
DA:284,0
DA:285,0
DA:294,1
DA:295,0
DA:296,0
DA:298,0
DA:299,0
DA:301,0
DA:302,0
DA:303,0
DA:304,0
DA:305,0
DA:306,0
DA:307,0
DA:308,0
DA:309,0
DA:311,0
DA:312,0
DA:313,0
DA:316,0
DA:317,0
DA:320,0
DA:321,0
DA:322,0
DA:324,0
DA:325,0
DA:328,0
DA:330,0
DA:334,1
LF:132
LH:15
BRDA:13,0,0,0
BRDA:13,0,1,0
BRDA:13,1,0,0
BRDA:13,1,1,0
BRDA:17,2,0,0
BRDA:17,2,1,0
BRDA:19,3,0,0
BRDA:19,3,1,0
BRDA:43,4,0,0
BRDA:43,4,1,0
BRDA:44,5,0,0
BRDA:44,5,1,0
BRDA:46,6,0,0
BRDA:46,6,1,0
BRDA:46,7,0,0
BRDA:46,7,1,0
BRDA:50,8,0,0
BRDA:50,8,1,0
BRDA:73,9,0,0
BRDA:73,9,1,0
BRDA:74,10,0,0
BRDA:74,10,1,0
BRDA:74,11,0,0
BRDA:74,11,1,0
BRDA:82,12,0,0
BRDA:82,12,1,0
BRDA:83,13,0,0
BRDA:83,13,1,0
BRDA:84,14,0,0
BRDA:84,14,1,0
BRDA:84,15,0,0
BRDA:84,15,1,0
BRDA:85,16,0,0
BRDA:85,16,1,0
BRDA:85,17,0,0
BRDA:85,17,1,0
BRDA:91,18,0,0
BRDA:91,18,1,0
BRDA:96,19,0,0
BRDA:96,19,1,0
BRDA:96,19,2,0
BRDA:100,20,0,0
BRDA:100,20,1,0
BRDA:112,21,0,0
BRDA:112,21,1,0
BRDA:113,22,0,0
BRDA:113,22,1,0
BRDA:114,23,0,0
BRDA:114,23,1,0
BRDA:119,24,0,0
BRDA:119,24,1,0
BRDA:119,24,2,0
BRDA:123,25,0,0
BRDA:123,25,1,0
BRDA:135,26,0,0
BRDA:135,26,1,0
BRDA:136,27,0,0
BRDA:136,27,1,0
BRDA:136,28,0,0
BRDA:136,28,1,0
BRDA:136,28,2,0
BRDA:143,29,0,0
BRDA:143,29,1,0
BRDA:143,30,0,0
BRDA:143,30,1,0
BRDA:144,31,0,0
BRDA:144,31,1,0
BRDA:149,32,0,0
BRDA:149,32,1,0
BRDA:149,32,2,0
BRDA:151,33,0,0
BRDA:151,33,1,0
BRDA:153,34,0,0
BRDA:153,34,1,0
BRDA:171,35,0,0
BRDA:171,35,1,0
BRDA:172,36,0,0
BRDA:172,36,1,0
BRDA:193,37,0,0
BRDA:193,37,1,0
BRDA:195,38,0,0
BRDA:195,38,1,0
BRDA:210,39,0,0
BRDA:210,39,1,0
BRDA:226,40,0,0
BRDA:226,40,1,0
BRDA:245,41,0,0
BRDA:245,41,1,0
BRDA:251,42,0,0
BRDA:251,42,1,0
BRDA:295,43,0,0
BRDA:295,43,1,0
BRDA:303,44,0,0
BRDA:303,44,1,0
BRDA:303,45,0,0
BRDA:303,45,1,0
BRDA:303,45,2,0
BRDA:305,46,0,0
BRDA:305,46,1,0
BRDA:306,47,0,0
BRDA:306,47,1,0
BRDA:307,48,0,0
BRDA:307,48,1,0
BRDA:308,49,0,0
BRDA:308,49,1,0
BRDA:309,50,0,0
BRDA:309,50,1,0
BRDA:312,51,0,0
BRDA:312,51,1,0
BRDA:317,52,0,0
BRDA:317,52,1,0
BRDA:320,53,0,0
BRDA:320,53,1,0
BRF:113
BRH:0
end_of_record
TN:
SF:routes\bookingRoutes.js
FN:24,(anonymous_0)
FN:199,(anonymous_1)
FN:226,(anonymous_2)
FN:368,(anonymous_3)
FNF:4
FNH:1
FNDA:2,(anonymous_0)
FNDA:0,(anonymous_1)
FNDA:0,(anonymous_2)
FNDA:0,(anonymous_3)
DA:1,1
DA:2,1
DA:3,1
DA:4,1
DA:5,1
DA:6,1
DA:7,1
DA:8,1
DA:15,1
DA:25,2
DA:26,2
DA:27,1
DA:29,1
DA:30,1
DA:31,1
DA:41,1
DA:44,1
DA:45,0
DA:52,1
DA:53,0
DA:60,1
DA:62,1
DA:63,0
DA:70,1
DA:71,0
DA:78,1
DA:92,1
DA:95,1
DA:96,1
DA:97,1
DA:101,1
DA:102,1
DA:110,0
DA:113,1
DA:114,1
DA:115,1
DA:116,1
DA:119,1
DA:120,1
DA:121,1
DA:125,1
DA:126,1
DA:127,0
DA:128,0
DA:132,1
DA:133,1
DA:145,1
DA:149,1
DA:150,1
DA:151,1
DA:152,1
DA:153,1
DA:154,0
DA:156,1
DA:166,0
DA:170,0
DA:173,1
DA:180,0
DA:181,0
DA:194,1
DA:200,0
DA:201,0
DA:202,0
DA:204,0
DA:205,0
DA:207,0
DA:208,0
DA:210,0
DA:211,0
DA:217,0
DA:219,0
DA:220,0
DA:226,0
DA:228,0
DA:229,0
DA:235,0
DA:236,0
DA:238,0
DA:239,0
DA:240,0
DA:241,0
DA:242,0
DA:245,0
DA:248,0
DA:249,0
DA:250,0
DA:263,0
DA:264,0
DA:267,0
DA:268,0
DA:269,0
DA:272,0
DA:273,0
DA:281,0
DA:284,0
DA:285,0
DA:286,0
DA:287,0
DA:290,0
DA:291,0
DA:292,0
DA:296,0
DA:297,0
DA:298,0
DA:299,0
DA:303,0
DA:307,0
DA:308,0
DA:309,0
DA:321,0
DA:322,0
DA:323,0
DA:324,0
DA:325,0
DA:326,0
DA:327,0
DA:329,0
DA:339,0
DA:344,0
DA:347,0
DA:354,0
DA:355,0
DA:368,1
DA:369,0
DA:370,0
DA:373,0
DA:374,0
DA:380,0
DA:386,0
DA:387,0
DA:388,0
DA:389,0
DA:390,0
DA:391,0
DA:392,0
DA:393,0
DA:395,0
DA:396,0
DA:397,0
DA:398,0
DA:399,0
DA:402,0
DA:405,0
DA:406,0
DA:407,0
DA:408,0
DA:411,0
DA:416,0
DA:418,0
DA:424,0
DA:430,0
DA:431,0
DA:439,1
LF:153
LH:50
BRDA:26,0,0,1
BRDA:26,0,1,1
BRDA:44,1,0,0
BRDA:44,1,1,1
BRDA:52,2,0,0
BRDA:52,2,1,1
BRDA:52,3,0,1
BRDA:52,3,1,1
BRDA:52,3,2,1
BRDA:52,3,3,1
BRDA:62,4,0,0
BRDA:62,4,1,1
BRDA:62,5,0,1
BRDA:62,5,1,1
BRDA:70,6,0,0
BRDA:70,6,1,1
BRDA:70,7,0,1
BRDA:70,7,1,1
BRDA:84,8,0,1
BRDA:84,8,1,0
BRDA:85,9,0,1
BRDA:85,9,1,1
BRDA:86,10,0,1
BRDA:86,10,1,1
BRDA:87,11,0,1
BRDA:87,11,1,1
BRDA:95,12,0,1
BRDA:95,12,1,0
BRDA:119,13,0,1
BRDA:119,13,1,0
BRDA:119,14,0,1
BRDA:119,14,1,1
BRDA:120,15,0,1
BRDA:120,15,1,0
BRDA:126,16,0,0
BRDA:126,16,1,1
BRDA:127,17,0,0
BRDA:127,17,1,0
BRDA:134,18,0,1
BRDA:134,18,1,0
BRDA:145,19,0,1
BRDA:145,19,1,0
BRDA:153,20,0,0
BRDA:153,20,1,1
BRDA:160,21,0,1
BRDA:160,21,1,0
BRDA:201,22,0,0
BRDA:201,22,1,0
BRDA:210,23,0,0
BRDA:210,23,1,0
BRDA:210,24,0,0
BRDA:210,24,1,0
BRDA:210,24,2,0
BRDA:219,25,0,0
BRDA:219,25,1,0
BRDA:219,26,0,0
BRDA:219,26,1,0
BRDA:228,27,0,0
BRDA:228,27,1,0
BRDA:241,28,0,0
BRDA:241,28,1,0
BRDA:241,29,0,0
BRDA:241,29,1,0
BRDA:256,30,0,0
BRDA:256,30,1,0
BRDA:257,31,0,0
BRDA:257,31,1,0
BRDA:258,32,0,0
BRDA:258,32,1,0
BRDA:267,33,0,0
BRDA:267,33,1,0
BRDA:290,34,0,0
BRDA:290,34,1,0
BRDA:290,35,0,0
BRDA:290,35,1,0
BRDA:291,36,0,0
BRDA:291,36,1,0
BRDA:297,37,0,0
BRDA:297,37,1,0
BRDA:298,38,0,0
BRDA:298,38,1,0
BRDA:307,39,0,0
BRDA:307,39,1,0
BRDA:310,40,0,0
BRDA:310,40,1,0
BRDA:321,41,0,0
BRDA:321,41,1,0
BRDA:326,42,0,0
BRDA:326,42,1,0
BRDA:333,43,0,0
BRDA:333,43,1,0
BRDA:373,44,0,0
BRDA:373,44,1,0
BRDA:389,45,0,0
BRDA:389,45,1,0
BRDA:396,46,0,0
BRDA:396,46,1,0
BRDA:397,47,0,0
BRDA:397,47,1,0
BRDA:398,48,0,0
BRDA:398,48,1,0
BRDA:405,49,0,0
BRDA:405,49,1,0
BRDA:416,50,0,0
BRDA:416,50,1,0
BRF:105
BRH:31
end_of_record
TN:
SF:routes\paymentRoutes.js
FN:26,(anonymous_0)
FN:119,(anonymous_1)
FN:171,(anonymous_2)
FN:298,(anonymous_3)
FN:345,(anonymous_4)
FN:394,(anonymous_5)
FNF:6
FNH:0
FNDA:0,(anonymous_0)
FNDA:0,(anonymous_1)
FNDA:0,(anonymous_2)
FNDA:0,(anonymous_3)
FNDA:0,(anonymous_4)
FNDA:0,(anonymous_5)
DA:1,1
DA:2,1
DA:3,1
DA:4,1
DA:5,1
DA:6,1
DA:7,1
DA:8,1
DA:9,1
DA:10,1
DA:11,1
DA:13,1
DA:14,1
DA:16,1
DA:17,0
DA:20,1
DA:26,1
DA:27,0
DA:28,0
DA:31,0
DA:32,0
DA:33,0
DA:34,0
DA:35,0
DA:36,0
DA:37,0
DA:38,0
DA:39,0
DA:40,0
DA:41,0
DA:42,0
DA:43,0
DA:44,0
DA:45,0
DA:46,0
DA:49,0
DA:50,0
DA:51,0
DA:54,0
DA:55,0
DA:56,0
DA:60,0
DA:61,0
DA:62,0
DA:64,0
DA:78,0
DA:79,0
DA:80,0
DA:82,0
DA:83,0
DA:84,0
DA:85,0
DA:88,0
DA:89,0
DA:90,0
DA:100,0
DA:109,0
DA:116,1
DA:120,0
DA:121,0
DA:122,0
DA:124,0
DA:125,0
DA:126,0
DA:127,0
DA:130,0
DA:133,0
DA:134,0
DA:141,0
DA:143,0
DA:144,0
DA:147,0
DA:148,0
DA:151,0
DA:158,0
DA:159,0
DA:166,1
DA:172,0
DA:173,0
DA:174,0
DA:176,0
DA:177,0
DA:178,0
DA:181,0
DA:182,0
DA:183,0
DA:184,0
DA:186,0
DA:187,0
DA:189,0
DA:190,0
DA:193,0
DA:194,0
DA:202,0
DA:203,0
DA:206,0
DA:208,0
DA:209,0
DA:212,0
DA:223,0
DA:225,0
DA:232,0
DA:234,0
DA:235,0
DA:239,0
DA:242,0
DA:243,0
DA:246,0
DA:257,0
DA:259,0
DA:266,0
DA:272,0
DA:275,0
DA:284,0
DA:286,0
DA:287,0
DA:298,1
DA:299,0
DA:300,0
DA:302,0
DA:303,0
DA:308,0
DA:310,0
DA:321,0
DA:323,0
DA:324,0
DA:327,0
DA:330,0
DA:334,0
DA:337,0
DA:338,0
DA:345,1
DA:346,0
DA:347,0
DA:350,0
DA:352,0
DA:357,0
DA:358,0
DA:359,0
DA:360,0
DA:362,0
DA:363,0
DA:373,0
DA:375,0
DA:376,0
DA:378,0
DA:379,0
DA:385,0
DA:387,0
DA:394,1
DA:395,0
DA:396,0
DA:402,0
DA:407,0
DA:408,0
DA:415,1
LF:156
LH:22
BRDA:16,0,0,0
BRDA:16,0,1,1
BRDA:16,1,0,1
BRDA:16,1,1,1
BRDA:26,2,0,0
BRDA:26,3,0,0
BRDA:31,4,0,0
BRDA:31,4,1,0
BRDA:33,5,0,0
BRDA:33,5,1,0
BRDA:35,6,0,0
BRDA:35,6,1,0
BRDA:37,7,0,0
BRDA:37,7,1,0
BRDA:39,8,0,0
BRDA:39,8,1,0
BRDA:41,9,0,0
BRDA:41,9,1,0
BRDA:43,10,0,0
BRDA:43,10,1,0
BRDA:45,11,0,0
BRDA:45,11,1,0
BRDA:50,12,0,0
BRDA:50,12,1,0
BRDA:54,13,0,0
BRDA:54,13,1,0
BRDA:55,14,0,0
BRDA:55,14,1,0
BRDA:56,15,0,0
BRDA:56,15,1,0
BRDA:83,16,0,0
BRDA:83,16,1,0
BRDA:83,17,0,0
BRDA:83,17,1,0
BRDA:84,18,0,0
BRDA:84,18,1,0
BRDA:88,19,0,0
BRDA:88,19,1,0
BRDA:91,20,0,0
BRDA:91,20,1,0
BRDA:101,21,0,0
BRDA:101,21,1,0
BRDA:121,22,0,0
BRDA:121,22,1,0
BRDA:126,23,0,0
BRDA:126,23,1,0
BRDA:133,24,0,0
BRDA:133,24,1,0
BRDA:143,25,0,0
BRDA:143,25,1,0
BRDA:143,26,0,0
BRDA:143,26,1,0
BRDA:147,27,0,0
BRDA:147,27,1,0
BRDA:173,28,0,0
BRDA:173,28,1,0
BRDA:177,29,0,0
BRDA:182,30,0,0
BRDA:182,30,1,0
BRDA:182,31,0,0
BRDA:182,31,1,0
BRDA:186,32,0,0
BRDA:186,32,1,0
BRDA:186,33,0,0
BRDA:186,33,1,0
BRDA:189,34,0,0
BRDA:189,34,1,0
BRDA:189,35,0,0
BRDA:189,35,1,0
BRDA:193,36,0,0
BRDA:193,36,1,0
BRDA:202,37,0,0
BRDA:202,37,1,0
BRDA:202,38,0,0
BRDA:202,38,1,0
BRDA:206,39,0,0
BRDA:206,39,1,0
BRDA:234,40,0,0
BRDA:234,40,1,0
BRDA:234,41,0,0
BRDA:234,41,1,0
BRDA:290,42,0,0
BRDA:290,42,1,0
BRDA:290,42,2,0
BRDA:308,43,0,0
BRDA:308,43,1,0
BRDA:323,44,0,0
BRDA:323,44,1,0
BRDA:357,45,0,0
BRDA:357,45,1,0
BRDA:362,46,0,0
BRDA:362,46,1,0
BRDA:375,47,0,0
BRDA:375,47,1,0
BRDA:378,48,0,0
BRDA:378,48,1,0
BRF:96
BRH:3
end_of_record
TN:
SF:routes\profileRoutes.js
FN:22,(anonymous_0)
FN:69,(anonymous_1)
FN:130,(anonymous_2)
FNF:3
FNH:0
FNDA:0,(anonymous_0)
FNDA:0,(anonymous_1)
FNDA:0,(anonymous_2)
DA:1,1
DA:2,1
DA:3,1
DA:4,1
DA:5,1
DA:6,1
DA:7,1
DA:8,1
DA:11,1
DA:22,1
DA:23,0
DA:24,0
DA:27,0
DA:28,0
DA:34,0
DA:36,0
DA:37,0
DA:44,0
DA:49,0
DA:50,0
DA:63,1
DA:70,0
DA:71,0
DA:72,0
DA:74,0
DA:75,0
DA:76,0
DA:77,0
DA:79,0
DA:80,0
DA:90,0
DA:91,0
DA:93,0
DA:96,0
DA:97,0
DA:98,0
DA:99,0
DA:101,0
DA:105,0
DA:111,0
DA:113,0
DA:114,0
DA:123,1
DA:131,0
DA:132,0
DA:133,0
DA:135,0
DA:136,0
DA:138,0
DA:139,0
DA:146,0
DA:147,0
DA:154,0
DA:155,0
DA:156,0
DA:159,0
DA:160,0
DA:161,0
DA:162,0
DA:164,0
DA:165,0
DA:166,0
DA:167,0
DA:169,0
DA:171,0
DA:172,0
DA:173,0
DA:174,0
DA:176,0
DA:180,0
DA:187,0
DA:193,0
DA:194,0
DA:202,1
LF:74
LH:13
BRDA:27,0,0,0
BRDA:27,0,1,0
BRDA:36,1,0,0
BRDA:36,1,1,0
BRDA:71,2,0,0
BRDA:71,2,1,0
BRDA:76,3,0,0
BRDA:76,3,1,0
BRDA:83,4,0,0
BRDA:83,4,1,0
BRDA:83,4,2,0
BRDA:84,5,0,0
BRDA:84,5,1,0
BRDA:85,6,0,0
BRDA:85,6,1,0
BRDA:86,7,0,0
BRDA:86,7,1,0
BRDA:91,8,0,0
BRDA:91,8,1,0
BRDA:96,9,0,0
BRDA:96,9,1,0
BRDA:99,10,0,0
BRDA:99,10,1,0
BRDA:106,11,0,0
BRDA:106,11,1,0
BRDA:132,12,0,0
BRDA:132,12,1,0
BRDA:138,13,0,0
BRDA:138,13,1,0
BRDA:146,14,0,0
BRDA:146,14,1,0
BRDA:155,15,0,0
BRDA:155,15,1,0
BRDA:155,16,0,0
BRDA:155,16,1,0
BRDA:161,17,0,0
BRDA:161,17,1,0
BRDA:167,18,0,0
BRDA:167,18,1,0
BRDA:167,18,2,0
BRDA:171,19,0,0
BRDA:171,19,1,0
BRDA:174,20,0,0
BRDA:174,20,1,0
BRDA:174,20,2,0
BRDA:181,21,0,0
BRDA:181,21,1,0
BRDA:181,21,2,0
BRDA:189,22,0,0
BRDA:189,22,1,0
BRF:50
BRH:0
end_of_record
TN:
SF:routes\subscriptionRoutes.js
FN:11,(anonymous_0)
FNF:1
FNH:0
FNDA:0,(anonymous_0)
DA:1,1
DA:2,1
DA:3,1
DA:4,1
DA:11,1
DA:12,0
DA:13,0
DA:17,0
DA:18,0
DA:30,0
DA:31,0
DA:35,0
DA:36,0
DA:39,0
DA:41,0
DA:49,0
DA:50,0
DA:57,1
LF:18
LH:6
BRDA:17,0,0,0
BRDA:17,0,1,0
BRDA:30,1,0,0
BRDA:30,1,1,0
BRDA:30,2,0,0
BRDA:30,2,1,0
BRDA:30,2,2,0
BRDA:35,3,0,0
BRDA:35,3,1,0
BRDA:35,4,0,0
BRDA:35,4,1,0
BRDA:35,4,2,0
BRDA:39,5,0,0
BRDA:39,5,1,0
BRDA:39,6,0,0
BRDA:39,6,1,0
BRF:16
BRH:0
end_of_record
TN:
SF:routes\userRoutes.js
FN:11,(anonymous_0)
FNF:1
FNH:0
FNDA:0,(anonymous_0)
DA:1,1
DA:2,1
DA:3,1
DA:4,1
DA:11,1
DA:12,0
DA:13,0
DA:15,0
DA:16,0
DA:24,0
DA:28,0
DA:36,0
DA:38,0
DA:39,0
DA:42,0
DA:44,0
DA:45,0
DA:49,1
LF:18
LH:6
BRDA:15,0,0,0
BRDA:15,0,1,0
BRDA:15,1,0,0
BRDA:15,1,1,0
BRDA:36,2,0,0
BRDA:36,2,1,0
BRF:6
BRH:0
end_of_record
TN:
SF:scripts\cronJobs.js
FN:6,(anonymous_0)
FNF:1
FNH:0
FNDA:0,(anonymous_0)
DA:1,1
DA:2,1
DA:3,1
DA:6,1
DA:7,0
DA:8,0
DA:11,0
DA:18,0
DA:19,0
DA:23,0
DA:24,0
DA:25,0
DA:27,0
DA:28,0
DA:29,0
DA:30,0
DA:31,0
DA:34,0
DA:44,0
DA:45,0
DA:48,0
DA:49,0
DA:50,0
DA:53,0
DA:55,0
DA:56,0
DA:57,0
DA:64,0
DA:65,0
DA:66,0
DA:69,0
DA:73,0
DA:77,1
LF:33
LH:5
BRDA:28,0,0,0
BRDA:28,0,1,0
BRDA:29,1,0,0
BRDA:29,1,1,0
BRDA:30,2,0,0
BRDA:30,2,1,0
BRDA:48,3,0,0
BRDA:48,3,1,0
BRDA:48,4,0,0
BRDA:48,4,1,0
BRDA:55,5,0,0
BRDA:55,5,1,0
BRDA:55,6,0,0
BRDA:55,6,1,0
BRDA:56,7,0,0
BRDA:56,7,1,0
BRDA:56,8,0,0
BRDA:56,8,1,0
BRF:18
BRH:0
end_of_record
TN:
SF:scripts\scheduler.js
FN:14,(anonymous_0)
FN:16,(anonymous_1)
FNF:2
FNH:1
FNDA:1,(anonymous_0)
FNDA:0,(anonymous_1)
DA:1,1
DA:2,1
DA:3,1
DA:14,1
DA:16,1
DA:17,0
DA:18,0
DA:21,0
DA:28,0
DA:29,0
DA:31,0
DA:32,0
DA:33,0
DA:35,0
DA:36,0
DA:37,0
DA:38,0
DA:39,0
DA:42,0
DA:45,0
DA:46,0
DA:49,0
DA:50,0
DA:52,0
DA:59,0
DA:63,0
DA:64,0
DA:66,0
DA:73,0
DA:76,0
DA:80,0
DA:84,1
DA:87,1
LF:33
LH:7
BRDA:36,0,0,0
BRDA:36,0,1,0
BRDA:37,1,0,0
BRDA:37,1,1,0
BRDA:38,2,0,0
BRDA:38,2,1,0
BRDA:49,3,0,0
BRDA:49,3,1,0
BRDA:49,4,0,0
BRDA:49,4,1,0
BRDA:49,4,2,0
BRDA:63,5,0,0
BRDA:63,5,1,0
BRDA:63,6,0,0
BRDA:63,6,1,0
BRDA:63,6,2,0
BRF:16
BRH:0
end_of_record
TN:
SF:services\notifier.js
FN:28,(anonymous_0)
FN:31,(anonymous_1)
FN:39,(anonymous_2)
FN:48,(anonymous_3)
FN:79,(anonymous_4)
FN:110,(anonymous_5)
FN:127,(anonymous_6)
FN:143,(anonymous_7)
FN:167,(anonymous_8)
FN:192,(anonymous_9)
FN:215,(anonymous_10)
FN:234,(anonymous_11)
FNF:12
FNH:5
FNDA:1,(anonymous_0)
FNDA:0,(anonymous_1)
FNDA:0,(anonymous_2)
FNDA:2,(anonymous_3)
FNDA:2,(anonymous_4)
FNDA:0,(anonymous_5)
FNDA:0,(anonymous_6)
FNDA:0,(anonymous_7)
FNDA:1,(anonymous_8)
FNDA:1,(anonymous_9)
FNDA:0,(anonymous_10)
FNDA:0,(anonymous_11)
DA:1,1
DA:2,1
DA:3,1
DA:7,1
DA:8,0
DA:9,0
DA:10,0
DA:12,0
DA:17,1
DA:28,1
DA:29,1
DA:30,1
DA:31,1
DA:33,0
DA:34,0
DA:39,1
DA:40,0
DA:41,0
DA:43,0
DA:48,1
DA:49,2
DA:70,2
DA:79,1
DA:80,2
DA:82,0
DA:104,0
DA:105,0
DA:108,0
DA:109,0
DA:110,0
DA:111,0
DA:112,0
DA:113,0
DA:114,0
DA:118,0
DA:119,0
DA:123,0
DA:127,1
DA:128,0
DA:129,0
DA:130,0
DA:131,0
DA:132,0
DA:134,0
DA:139,0
DA:143,1
DA:144,0
DA:145,0
DA:146,0
DA:147,0
DA:156,0
DA:158,0
DA:163,0
DA:167,1
DA:168,1
DA:169,1
DA:170,1
DA:171,1
DA:181,1
DA:183,1
DA:188,0
DA:192,1
DA:193,1
DA:194,1
DA:195,1
DA:196,1
DA:204,1
DA:206,1
DA:211,0
DA:215,1
DA:216,0
DA:217,0
DA:218,0
DA:219,0
DA:223,0
DA:225,0
DA:230,0
DA:234,1
DA:235,0
DA:236,0
DA:237,0
DA:238,0
DA:249,0
DA:251,0
DA:256,0
DA:260,1
LF:86
LH:34
BRDA:7,0,0,0
BRDA:7,0,1,1
BRDA:57,1,0,2
BRDA:57,1,1,0
BRDA:59,2,0,2
BRDA:59,2,1,0
BRDA:80,3,0,2
BRDA:80,3,1,0
BRDA:80,4,0,2
BRDA:80,4,1,2
BRDA:88,5,0,0
BRDA:88,5,1,0
BRDA:89,6,0,0
BRDA:89,6,1,0
BRDA:93,7,0,0
BRDA:93,7,1,0
BRDA:98,8,0,0
BRDA:98,8,1,0
BRDA:108,9,0,0
BRDA:108,9,1,0
BRDA:111,10,0,0
BRDA:111,10,1,0
BRDA:113,11,0,0
BRDA:113,11,1,0
BRDA:113,12,0,0
BRDA:113,12,1,0
BRDA:130,13,0,0
BRDA:130,13,1,0
BRDA:148,14,0,0
BRDA:148,14,1,0
BRDA:170,15,0,1
BRDA:170,15,1,0
BRDA:177,16,0,1
BRDA:177,16,1,0
BRDA:181,17,0,1
BRDA:181,17,1,0
BRDA:195,18,0,1
BRDA:195,18,1,0
BRDA:218,19,0,0
BRDA:218,19,1,0
BRDA:236,20,0,0
BRDA:236,20,1,0
BRDA:237,21,0,0
BRDA:237,21,1,0
BRDA:244,22,0,0
BRDA:244,22,1,0
BRDA:249,23,0,0
BRDA:249,23,1,0
BRDA:253,24,0,0
BRDA:253,24,1,0
BRF:50
BRH:10
end_of_record
TN:
SF:utils\emailSender.js
FN:6,(anonymous_0)
FN:39,(anonymous_1)
FN:56,(anonymous_2)
FNF:3
FNH:0
FNDA:0,(anonymous_0)
FNDA:0,(anonymous_1)
FNDA:0,(anonymous_2)
DA:1,1
DA:6,1
DA:7,0
DA:9,0
DA:22,0
DA:29,0
DA:30,0
DA:31,0
DA:33,0
DA:35,0
DA:39,1
DA:40,0
DA:56,1
DA:57,0
DA:77,1
LF:15
LH:5
BRDA:10,0,0,0
BRDA:10,0,1,0
BRDA:11,1,0,0
BRDA:11,1,1,0
BRF:4
BRH:0
end_of_record
TN:
SF:utils\mailer.js
FN:33,(anonymous_0)
FN:42,(anonymous_1)
FN:47,(anonymous_2)
FN:53,(anonymous_3)
FN:61,(anonymous_4)
FN:62,(anonymous_5)
FN:97,(anonymous_6)
FN:99,(anonymous_7)
FN:128,(anonymous_8)
FN:130,(anonymous_9)
FN:157,(anonymous_10)
FN:159,(anonymous_11)
FNF:12
FNH:11
FNDA:9,(anonymous_0)
FNDA:5,(anonymous_1)
FNDA:9,(anonymous_2)
FNDA:0,(anonymous_3)
FNDA:1,(anonymous_4)
FNDA:1,(anonymous_5)
FNDA:1,(anonymous_6)
FNDA:1,(anonymous_7)
FNDA:2,(anonymous_8)
FNDA:2,(anonymous_9)
FNDA:1,(anonymous_10)
FNDA:1,(anonymous_11)
DA:1,2
DA:2,2
DA:4,2
DA:16,2
DA:26,2
DA:27,2
DA:28,2
DA:30,2
DA:31,2
DA:33,2
DA:34,9
DA:35,5
DA:36,5
DA:37,5
DA:38,4
DA:39,4
DA:42,2
DA:43,5
DA:44,5
DA:47,2
DA:48,9
DA:49,9
DA:50,9
DA:52,0
DA:53,0
DA:61,2
DA:62,1
DA:63,1
DA:83,1
DA:89,1
DA:90,1
DA:97,2
DA:98,1
DA:99,1
DA:100,1
DA:114,1
DA:120,1
DA:121,1
DA:128,2
DA:129,2
DA:130,2
DA:131,2
DA:143,2
DA:149,2
DA:150,1
DA:157,2
DA:158,1
DA:159,1
DA:160,1
DA:166,1
DA:172,1
DA:173,1
DA:177,2
LF:53
LH:51
BRDA:34,0,0,4
BRDA:34,0,1,5
BRDA:34,1,0,9
BRDA:34,1,1,9
BRDA:47,2,0,9
BRDA:52,3,0,0
BRDA:52,3,1,0
BRF:7
BRH:5
end_of_record
TN:
SF:utils\whatsappSender.js
FN:3,(anonymous_0)
FNF:1
FNH:1
FNDA:1,(anonymous_0)
DA:1,1
DA:3,1
DA:4,1
DA:5,1
DA:6,1
DA:8,1
DA:9,1
DA:10,1
DA:13,0
DA:16,0
DA:18,0
DA:29,0
DA:36,0
DA:37,0
DA:39,0
DA:40,0
DA:44,1
LF:17
LH:9
BRDA:8,0,0,1
BRDA:8,0,1,0
BRDA:8,1,0,1
BRDA:8,1,1,0
BRDA:39,2,0,0
BRDA:39,2,1,0
BRF:6
BRH:2
end_of_record
